<?xml version="1.0" encoding="UTF-8"?>
<coverage generated="1679673412016" clover="3.2.0">
  <project timestamp="1679673412017" name="All files">
    <metrics statements="477" coveredstatements="399" conditionals="158" coveredconditionals="152" methods="111" coveredmethods="68" elements="746" coveredelements="619" complexity="0" loc="477" ncloc="477" packages="2" files="9" classes="9"/>
    <package name="src">
      <metrics statements="398" coveredstatements="393" conditionals="158" coveredconditionals="152" methods="66" coveredmethods="64"/>
      <file name="db.ts" path="/Users/borisstroganov/Documents/GitHub/accessible-health-dashboard/server/src/db.ts">
        <metrics statements="6" coveredstatements="5" conditionals="0" coveredconditionals="0" methods="3" coveredmethods="2"/>
        <line num="5" count="34" type="stmt"/>
        <line num="6" count="34" type="stmt"/>
        <line num="9" count="6" type="stmt"/>
        <line num="12" count="0" type="stmt"/>
        <line num="16" count="34" type="stmt"/>
        <line num="20" count="34" type="stmt"/>
      </file>
      <file name="index.ts" path="/Users/borisstroganov/Documents/GitHub/accessible-health-dashboard/server/src/index.ts">
        <metrics statements="392" coveredstatements="388" conditionals="158" coveredconditionals="152" methods="63" coveredmethods="62"/>
        <line num="30" count="34" type="stmt"/>
        <line num="31" count="34" type="stmt"/>
        <line num="33" count="34" type="stmt"/>
        <line num="34" count="34" type="stmt"/>
        <line num="35" count="34" type="stmt"/>
        <line num="45" count="34" type="stmt"/>
        <line num="46" count="73" type="stmt"/>
        <line num="47" count="73" type="cond" truecount="2" falsecount="0"/>
        <line num="48" count="16" type="stmt"/>
        <line num="53" count="57" type="stmt"/>
        <line num="54" count="57" type="cond" truecount="4" falsecount="0"/>
        <line num="55" count="1" type="stmt"/>
        <line num="60" count="56" type="stmt"/>
        <line num="63" count="56" type="stmt"/>
        <line num="66" count="34" type="stmt"/>
        <line num="67" count="51" type="stmt"/>
        <line num="68" count="51" type="cond" truecount="2" falsecount="0"/>
        <line num="69" count="10" type="stmt"/>
        <line num="74" count="41" type="stmt"/>
        <line num="75" count="41" type="cond" truecount="2" falsecount="0"/>
        <line num="76" count="3" type="stmt"/>
        <line num="81" count="38" type="stmt"/>
        <line num="84" count="38" type="stmt"/>
        <line num="87" count="34" type="stmt"/>
        <line num="88" count="3" type="stmt"/>
        <line num="99" count="3" type="stmt"/>
        <line num="101" count="3" type="stmt"/>
        <line num="102" count="3" type="cond" truecount="2" falsecount="0"/>
        <line num="103" count="1" type="stmt"/>
        <line num="104" count="1" type="stmt"/>
        <line num="108" count="2" type="stmt"/>
        <line num="110" count="2" type="cond" truecount="4" falsecount="0"/>
        <line num="111" count="1" type="stmt"/>
        <line num="116" count="1" type="stmt"/>
        <line num="117" count="1" type="stmt"/>
        <line num="123" count="34" type="stmt"/>
        <line num="124" count="5" type="stmt"/>
        <line num="135" count="5" type="stmt"/>
        <line num="136" count="5" type="stmt"/>
        <line num="137" count="5" type="cond" truecount="2" falsecount="0"/>
        <line num="138" count="1" type="stmt"/>
        <line num="139" count="1" type="stmt"/>
        <line num="143" count="4" type="stmt"/>
        <line num="145" count="4" type="cond" truecount="2" falsecount="0"/>
        <line num="146" count="1" type="stmt"/>
        <line num="149" count="3" type="cond" truecount="2" falsecount="0"/>
        <line num="150" count="1" type="stmt"/>
        <line num="153" count="2" type="cond" truecount="2" falsecount="0"/>
        <line num="154" count="1" type="stmt"/>
        <line num="158" count="1" type="stmt"/>
        <line num="159" count="1" type="stmt"/>
        <line num="165" count="34" type="stmt"/>
        <line num="166" count="5" type="stmt"/>
        <line num="176" count="5" type="stmt"/>
        <line num="177" count="5" type="stmt"/>
        <line num="178" count="5" type="cond" truecount="2" falsecount="0"/>
        <line num="179" count="3" type="stmt"/>
        <line num="180" count="3" type="stmt"/>
        <line num="187" count="2" type="stmt"/>
        <line num="188" count="2" type="cond" truecount="2" falsecount="0"/>
        <line num="190" count="1" type="stmt"/>
        <line num="195" count="1" type="stmt"/>
        <line num="201" count="34" type="stmt"/>
        <line num="202" count="2" type="stmt"/>
        <line num="211" count="2" type="stmt"/>
        <line num="212" count="2" type="stmt"/>
        <line num="213" count="2" type="cond" truecount="2" falsecount="0"/>
        <line num="214" count="1" type="stmt"/>
        <line num="215" count="1" type="stmt"/>
        <line num="221" count="1" type="stmt"/>
        <line num="222" count="1" type="stmt"/>
        <line num="223" count="1" type="stmt"/>
        <line num="230" count="34" type="stmt"/>
        <line num="231" count="4" type="stmt"/>
        <line num="241" count="4" type="stmt"/>
        <line num="242" count="4" type="stmt"/>
        <line num="243" count="4" type="cond" truecount="2" falsecount="0"/>
        <line num="244" count="3" type="stmt"/>
        <line num="245" count="3" type="stmt"/>
        <line num="252" count="1" type="stmt"/>
        <line num="253" count="1" type="stmt"/>
        <line num="254" count="1" type="stmt"/>
        <line num="262" count="34" type="stmt"/>
        <line num="263" count="6" type="stmt"/>
        <line num="273" count="6" type="stmt"/>
        <line num="274" count="6" type="stmt"/>
        <line num="275" count="6" type="cond" truecount="2" falsecount="0"/>
        <line num="276" count="5" type="stmt"/>
        <line num="277" count="5" type="stmt"/>
        <line num="284" count="1" type="stmt"/>
        <line num="285" count="1" type="stmt"/>
        <line num="286" count="1" type="stmt"/>
        <line num="294" count="34" type="stmt"/>
        <line num="295" count="2" type="stmt"/>
        <line num="296" count="2" type="cond" truecount="2" falsecount="0"/>
        <line num="297" count="1" type="stmt"/>
        <line num="299" count="1" type="stmt"/>
        <line num="307" count="34" type="stmt"/>
        <line num="308" count="2" type="stmt"/>
        <line num="309" count="2" type="cond" truecount="2" falsecount="0"/>
        <line num="310" count="1" type="stmt"/>
        <line num="312" count="1" type="stmt"/>
        <line num="319" count="34" type="stmt"/>
        <line num="320" count="2" type="stmt"/>
        <line num="321" count="2" type="cond" truecount="2" falsecount="0"/>
        <line num="322" count="1" type="stmt"/>
        <line num="324" count="1" type="stmt"/>
        <line num="332" count="34" type="stmt"/>
        <line num="333" count="2" type="stmt"/>
        <line num="334" count="2" type="cond" truecount="2" falsecount="0"/>
        <line num="335" count="1" type="stmt"/>
        <line num="336" count="2" type="stmt"/>
        <line num="344" count="1" type="stmt"/>
        <line num="355" count="34" type="stmt"/>
        <line num="356" count="2" type="stmt"/>
        <line num="357" count="2" type="cond" truecount="2" falsecount="0"/>
        <line num="358" count="1" type="stmt"/>
        <line num="359" count="2" type="stmt"/>
        <line num="368" count="1" type="stmt"/>
        <line num="380" count="34" type="stmt"/>
        <line num="381" count="2" type="stmt"/>
        <line num="382" count="2" type="cond" truecount="2" falsecount="0"/>
        <line num="383" count="1" type="stmt"/>
        <line num="384" count="2" type="stmt"/>
        <line num="393" count="1" type="stmt"/>
        <line num="405" count="34" type="stmt"/>
        <line num="406" count="4" type="stmt"/>
        <line num="415" count="4" type="stmt"/>
        <line num="416" count="4" type="stmt"/>
        <line num="417" count="4" type="cond" truecount="2" falsecount="0"/>
        <line num="418" count="1" type="stmt"/>
        <line num="419" count="1" type="stmt"/>
        <line num="423" count="3" type="stmt"/>
        <line num="425" count="3" type="cond" truecount="2" falsecount="0"/>
        <line num="426" count="1" type="stmt"/>
        <line num="430" count="2" type="stmt"/>
        <line num="431" count="2" type="cond" truecount="2" falsecount="0"/>
        <line num="432" count="1" type="stmt"/>
        <line num="433" count="2" type="stmt"/>
        <line num="442" count="1" type="stmt"/>
        <line num="456" count="34" type="stmt"/>
        <line num="457" count="4" type="stmt"/>
        <line num="468" count="4" type="stmt"/>
        <line num="470" count="4" type="stmt"/>
        <line num="471" count="4" type="cond" truecount="2" falsecount="0"/>
        <line num="472" count="1" type="stmt"/>
        <line num="473" count="1" type="stmt"/>
        <line num="477" count="3" type="stmt"/>
        <line num="479" count="3" type="cond" truecount="4" falsecount="0"/>
        <line num="480" count="2" type="stmt"/>
        <line num="485" count="1" type="stmt"/>
        <line num="486" count="1" type="stmt"/>
        <line num="492" count="34" type="stmt"/>
        <line num="493" count="5" type="stmt"/>
        <line num="503" count="5" type="stmt"/>
        <line num="504" count="5" type="stmt"/>
        <line num="505" count="5" type="cond" truecount="2" falsecount="0"/>
        <line num="506" count="3" type="stmt"/>
        <line num="507" count="3" type="stmt"/>
        <line num="514" count="2" type="stmt"/>
        <line num="515" count="2" type="cond" truecount="2" falsecount="0"/>
        <line num="517" count="1" type="stmt"/>
        <line num="522" count="1" type="stmt"/>
        <line num="528" count="34" type="stmt"/>
        <line num="529" count="5" type="stmt"/>
        <line num="540" count="5" type="stmt"/>
        <line num="541" count="5" type="stmt"/>
        <line num="542" count="5" type="cond" truecount="2" falsecount="0"/>
        <line num="543" count="1" type="stmt"/>
        <line num="544" count="1" type="stmt"/>
        <line num="548" count="4" type="stmt"/>
        <line num="550" count="4" type="cond" truecount="2" falsecount="0"/>
        <line num="551" count="1" type="stmt"/>
        <line num="554" count="3" type="cond" truecount="2" falsecount="0"/>
        <line num="555" count="1" type="stmt"/>
        <line num="558" count="2" type="cond" truecount="2" falsecount="0"/>
        <line num="559" count="1" type="stmt"/>
        <line num="563" count="1" type="stmt"/>
        <line num="564" count="1" type="stmt"/>
        <line num="570" count="34" type="stmt"/>
        <line num="571" count="4" type="stmt"/>
        <line num="580" count="4" type="stmt"/>
        <line num="581" count="4" type="stmt"/>
        <line num="582" count="4" type="cond" truecount="2" falsecount="0"/>
        <line num="583" count="1" type="stmt"/>
        <line num="584" count="1" type="stmt"/>
        <line num="588" count="3" type="stmt"/>
        <line num="590" count="3" type="cond" truecount="2" falsecount="0"/>
        <line num="591" count="1" type="stmt"/>
        <line num="594" count="2" type="cond" truecount="2" falsecount="0"/>
        <line num="595" count="1" type="stmt"/>
        <line num="599" count="1" type="stmt"/>
        <line num="600" count="1" type="stmt"/>
        <line num="607" count="34" type="stmt"/>
        <line num="608" count="2" type="cond" truecount="2" falsecount="0"/>
        <line num="609" count="1" type="stmt"/>
        <line num="613" count="1" type="stmt"/>
        <line num="614" count="1" type="stmt"/>
        <line num="620" count="34" type="stmt"/>
        <line num="621" count="3" type="stmt"/>
        <line num="630" count="3" type="stmt"/>
        <line num="631" count="3" type="stmt"/>
        <line num="632" count="3" type="cond" truecount="2" falsecount="0"/>
        <line num="633" count="1" type="stmt"/>
        <line num="634" count="1" type="stmt"/>
        <line num="638" count="2" type="stmt"/>
        <line num="640" count="2" type="cond" truecount="2" falsecount="0"/>
        <line num="641" count="1" type="stmt"/>
        <line num="645" count="1" type="stmt"/>
        <line num="646" count="1" type="stmt"/>
        <line num="653" count="34" type="stmt"/>
        <line num="654" count="2" type="stmt"/>
        <line num="655" count="2" type="cond" truecount="2" falsecount="0"/>
        <line num="656" count="1" type="stmt"/>
        <line num="661" count="1" type="stmt"/>
        <line num="668" count="34" type="stmt"/>
        <line num="669" count="2" type="stmt"/>
        <line num="670" count="2" type="cond" truecount="2" falsecount="0"/>
        <line num="671" count="1" type="stmt"/>
        <line num="672" count="2" type="stmt"/>
        <line num="673" count="2" type="stmt"/>
        <line num="674" count="2" type="stmt"/>
        <line num="680" count="1" type="stmt"/>
        <line num="684" count="1" type="stmt"/>
        <line num="697" count="34" type="stmt"/>
        <line num="698" count="5" type="stmt"/>
        <line num="707" count="5" type="stmt"/>
        <line num="708" count="5" type="stmt"/>
        <line num="709" count="5" type="cond" truecount="2" falsecount="0"/>
        <line num="710" count="1" type="stmt"/>
        <line num="711" count="1" type="stmt"/>
        <line num="715" count="4" type="stmt"/>
        <line num="716" count="4" type="cond" truecount="2" falsecount="0"/>
        <line num="717" count="1" type="stmt"/>
        <line num="720" count="3" type="cond" truecount="2" falsecount="0"/>
        <line num="721" count="1" type="stmt"/>
        <line num="724" count="2" type="cond" truecount="2" falsecount="0"/>
        <line num="725" count="1" type="stmt"/>
        <line num="729" count="1" type="stmt"/>
        <line num="730" count="1" type="stmt"/>
        <line num="737" count="34" type="stmt"/>
        <line num="738" count="2" type="stmt"/>
        <line num="739" count="2" type="cond" truecount="2" falsecount="0"/>
        <line num="740" count="1" type="stmt"/>
        <line num="741" count="1" type="stmt"/>
        <line num="742" count="1" type="stmt"/>
        <line num="745" count="1" type="stmt"/>
        <line num="747" count="1" type="stmt"/>
        <line num="760" count="34" type="stmt"/>
        <line num="761" count="2" type="stmt"/>
        <line num="762" count="2" type="cond" truecount="2" falsecount="0"/>
        <line num="763" count="1" type="stmt"/>
        <line num="764" count="1" type="stmt"/>
        <line num="765" count="1" type="stmt"/>
        <line num="768" count="1" type="stmt"/>
        <line num="770" count="1" type="stmt"/>
        <line num="783" count="34" type="stmt"/>
        <line num="784" count="5" type="stmt"/>
        <line num="793" count="5" type="stmt"/>
        <line num="794" count="5" type="stmt"/>
        <line num="795" count="5" type="cond" truecount="2" falsecount="0"/>
        <line num="796" count="1" type="stmt"/>
        <line num="797" count="1" type="stmt"/>
        <line num="801" count="4" type="stmt"/>
        <line num="802" count="4" type="cond" truecount="2" falsecount="0"/>
        <line num="803" count="1" type="stmt"/>
        <line num="806" count="3" type="cond" truecount="2" falsecount="0"/>
        <line num="807" count="1" type="stmt"/>
        <line num="810" count="2" type="cond" truecount="2" falsecount="0"/>
        <line num="811" count="1" type="stmt"/>
        <line num="815" count="1" type="stmt"/>
        <line num="816" count="1" type="stmt"/>
        <line num="817" count="1" type="stmt"/>
        <line num="824" count="34" type="stmt"/>
        <line num="825" count="4" type="stmt"/>
        <line num="834" count="4" type="stmt"/>
        <line num="835" count="4" type="stmt"/>
        <line num="836" count="4" type="cond" truecount="2" falsecount="0"/>
        <line num="837" count="1" type="stmt"/>
        <line num="838" count="1" type="stmt"/>
        <line num="842" count="3" type="stmt"/>
        <line num="843" count="3" type="cond" truecount="2" falsecount="0"/>
        <line num="844" count="1" type="stmt"/>
        <line num="847" count="2" type="cond" truecount="2" falsecount="0"/>
        <line num="848" count="1" type="stmt"/>
        <line num="852" count="1" type="stmt"/>
        <line num="853" count="1" type="stmt"/>
        <line num="859" count="34" type="stmt"/>
        <line num="860" count="4" type="stmt"/>
        <line num="871" count="4" type="stmt"/>
        <line num="872" count="4" type="stmt"/>
        <line num="873" count="4" type="cond" truecount="2" falsecount="0"/>
        <line num="874" count="1" type="stmt"/>
        <line num="875" count="1" type="stmt"/>
        <line num="879" count="3" type="stmt"/>
        <line num="880" count="3" type="cond" truecount="2" falsecount="0"/>
        <line num="881" count="1" type="stmt"/>
        <line num="884" count="2" type="cond" truecount="2" falsecount="0"/>
        <line num="885" count="1" type="stmt"/>
        <line num="889" count="1" type="stmt"/>
        <line num="890" count="1" type="stmt"/>
        <line num="899" count="34" type="stmt"/>
        <line num="900" count="2" type="stmt"/>
        <line num="901" count="2" type="cond" truecount="2" falsecount="0"/>
        <line num="902" count="1" type="stmt"/>
        <line num="903" count="1" type="stmt"/>
        <line num="904" count="1" type="stmt"/>
        <line num="905" count="1" type="stmt"/>
        <line num="906" count="1" type="stmt"/>
        <line num="907" count="1" type="stmt"/>
        <line num="908" count="1" type="stmt"/>
        <line num="909" count="1" type="cond" truecount="1" falsecount="1"/>
        <line num="910" count="0" type="stmt"/>
        <line num="912" count="1" type="stmt"/>
        <line num="913" count="1" type="cond" truecount="1" falsecount="1"/>
        <line num="914" count="0" type="stmt"/>
        <line num="916" count="1" type="stmt"/>
        <line num="929" count="1" type="stmt"/>
        <line num="931" count="1" type="stmt"/>
        <line num="948" count="34" type="stmt"/>
        <line num="949" count="2" type="stmt"/>
        <line num="950" count="2" type="cond" truecount="2" falsecount="0"/>
        <line num="951" count="1" type="stmt"/>
        <line num="952" count="1" type="stmt"/>
        <line num="953" count="1" type="stmt"/>
        <line num="954" count="1" type="stmt"/>
        <line num="955" count="1" type="stmt"/>
        <line num="956" count="1" type="stmt"/>
        <line num="957" count="1" type="stmt"/>
        <line num="958" count="1" type="cond" truecount="1" falsecount="1"/>
        <line num="959" count="1" type="stmt"/>
        <line num="961" count="1" type="stmt"/>
        <line num="962" count="1" type="cond" truecount="1" falsecount="1"/>
        <line num="963" count="1" type="stmt"/>
        <line num="965" count="1" type="stmt"/>
        <line num="978" count="1" type="stmt"/>
        <line num="980" count="1" type="stmt"/>
        <line num="997" count="34" type="stmt"/>
        <line num="998" count="5" type="stmt"/>
        <line num="1009" count="5" type="stmt"/>
        <line num="1010" count="5" type="stmt"/>
        <line num="1011" count="5" type="cond" truecount="2" falsecount="0"/>
        <line num="1012" count="1" type="stmt"/>
        <line num="1013" count="1" type="stmt"/>
        <line num="1021" count="4" type="stmt"/>
        <line num="1023" count="4" type="cond" truecount="2" falsecount="0"/>
        <line num="1024" count="1" type="stmt"/>
        <line num="1027" count="3" type="cond" truecount="2" falsecount="0"/>
        <line num="1028" count="1" type="stmt"/>
        <line num="1031" count="2" type="cond" truecount="2" falsecount="0"/>
        <line num="1032" count="1" type="stmt"/>
        <line num="1037" count="1" type="stmt"/>
        <line num="1038" count="1" type="stmt"/>
        <line num="1039" count="1" type="cond" truecount="1" falsecount="1"/>
        <line num="1040" count="1" type="stmt"/>
        <line num="1042" count="1" type="stmt"/>
        <line num="1050" count="34" type="stmt"/>
        <line num="1051" count="6" type="stmt"/>
        <line num="1061" count="6" type="stmt"/>
        <line num="1062" count="6" type="stmt"/>
        <line num="1063" count="6" type="cond" truecount="2" falsecount="0"/>
        <line num="1064" count="1" type="stmt"/>
        <line num="1065" count="1" type="stmt"/>
        <line num="1072" count="5" type="stmt"/>
        <line num="1074" count="5" type="cond" truecount="2" falsecount="0"/>
        <line num="1075" count="1" type="stmt"/>
        <line num="1078" count="4" type="cond" truecount="2" falsecount="0"/>
        <line num="1079" count="1" type="stmt"/>
        <line num="1082" count="3" type="cond" truecount="2" falsecount="0"/>
        <line num="1083" count="1" type="stmt"/>
        <line num="1086" count="2" type="cond" truecount="2" falsecount="0"/>
        <line num="1087" count="1" type="stmt"/>
        <line num="1092" count="1" type="stmt"/>
        <line num="1093" count="1" type="stmt"/>
        <line num="1100" count="34" type="stmt"/>
        <line num="1101" count="4" type="stmt"/>
        <line num="1110" count="4" type="stmt"/>
        <line num="1111" count="4" type="stmt"/>
        <line num="1112" count="4" type="cond" truecount="2" falsecount="0"/>
        <line num="1113" count="1" type="stmt"/>
        <line num="1114" count="1" type="stmt"/>
        <line num="1118" count="3" type="stmt"/>
        <line num="1120" count="3" type="cond" truecount="2" falsecount="0"/>
        <line num="1121" count="1" type="stmt"/>
        <line num="1124" count="2" type="cond" truecount="2" falsecount="0"/>
        <line num="1125" count="1" type="stmt"/>
        <line num="1130" count="1" type="stmt"/>
        <line num="1131" count="1" type="stmt"/>
        <line num="1136" count="34" type="stmt"/>
        <line num="1137" count="34" type="cond" truecount="1" falsecount="1"/>
        <line num="1138" count="0" type="stmt"/>
        <line num="1139" count="0" type="stmt"/>
      </file>
    </package>
    <package name="src.models">
      <metrics statements="79" coveredstatements="6" conditionals="0" coveredconditionals="0" methods="45" coveredmethods="4"/>
      <file name="assignment.ts" path="/Users/borisstroganov/Documents/GitHub/accessible-health-dashboard/server/src/models/assignment.ts">
        <metrics statements="24" coveredstatements="0" conditionals="0" coveredconditionals="0" methods="14" coveredmethods="0"/>
        <line num="6" count="0" type="stmt"/>
        <line num="13" count="0" type="stmt"/>
        <line num="18" count="0" type="stmt"/>
        <line num="22" count="0" type="stmt"/>
        <line num="27" count="0" type="stmt"/>
        <line num="31" count="0" type="stmt"/>
        <line num="36" count="0" type="stmt"/>
        <line num="40" count="0" type="stmt"/>
        <line num="45" count="0" type="stmt"/>
        <line num="49" count="0" type="stmt"/>
        <line num="54" count="0" type="stmt"/>
        <line num="58" count="0" type="stmt"/>
        <line num="63" count="0" type="stmt"/>
        <line num="67" count="0" type="stmt"/>
        <line num="72" count="0" type="stmt"/>
        <line num="76" count="0" type="stmt"/>
        <line num="81" count="0" type="stmt"/>
        <line num="85" count="0" type="stmt"/>
        <line num="93" count="0" type="stmt"/>
        <line num="98" count="0" type="stmt"/>
        <line num="102" count="0" type="stmt"/>
        <line num="107" count="0" type="stmt"/>
        <line num="111" count="0" type="stmt"/>
        <line num="119" count="0" type="stmt"/>
      </file>
      <file name="bloodPressure.ts" path="/Users/borisstroganov/Documents/GitHub/accessible-health-dashboard/server/src/models/bloodPressure.ts">
        <metrics statements="7" coveredstatements="0" conditionals="0" coveredconditionals="0" methods="3" coveredmethods="0"/>
        <line num="6" count="0" type="stmt"/>
        <line num="7" count="0" type="stmt"/>
        <line num="11" count="0" type="stmt"/>
        <line num="15" count="0" type="stmt"/>
        <line num="22" count="0" type="stmt"/>
        <line num="26" count="0" type="stmt"/>
        <line num="37" count="0" type="stmt"/>
      </file>
      <file name="heartRate.ts" path="/Users/borisstroganov/Documents/GitHub/accessible-health-dashboard/server/src/models/heartRate.ts">
        <metrics statements="7" coveredstatements="0" conditionals="0" coveredconditionals="0" methods="3" coveredmethods="0"/>
        <line num="6" count="0" type="stmt"/>
        <line num="7" count="0" type="stmt"/>
        <line num="11" count="0" type="stmt"/>
        <line num="15" count="0" type="stmt"/>
        <line num="22" count="0" type="stmt"/>
        <line num="26" count="0" type="stmt"/>
        <line num="37" count="0" type="stmt"/>
      </file>
      <file name="invitation.ts" path="/Users/borisstroganov/Documents/GitHub/accessible-health-dashboard/server/src/models/invitation.ts">
        <metrics statements="8" coveredstatements="0" conditionals="0" coveredconditionals="0" methods="5" coveredmethods="0"/>
        <line num="4" count="0" type="stmt"/>
        <line num="11" count="0" type="stmt"/>
        <line num="16" count="0" type="stmt"/>
        <line num="20" count="0" type="stmt"/>
        <line num="25" count="0" type="stmt"/>
        <line num="29" count="0" type="stmt"/>
        <line num="34" count="0" type="stmt"/>
        <line num="38" count="0" type="stmt"/>
      </file>
      <file name="speechRate.ts" path="/Users/borisstroganov/Documents/GitHub/accessible-health-dashboard/server/src/models/speechRate.ts">
        <metrics statements="9" coveredstatements="0" conditionals="0" coveredconditionals="0" methods="4" coveredmethods="0"/>
        <line num="6" count="0" type="stmt"/>
        <line num="7" count="0" type="stmt"/>
        <line num="11" count="0" type="stmt"/>
        <line num="15" count="0" type="stmt"/>
        <line num="22" count="0" type="stmt"/>
        <line num="26" count="0" type="stmt"/>
        <line num="31" count="0" type="stmt"/>
        <line num="35" count="0" type="stmt"/>
        <line num="46" count="0" type="stmt"/>
      </file>
      <file name="therapist.ts" path="/Users/borisstroganov/Documents/GitHub/accessible-health-dashboard/server/src/models/therapist.ts">
        <metrics statements="9" coveredstatements="3" conditionals="0" coveredconditionals="0" methods="6" coveredmethods="2"/>
        <line num="8" count="3" type="stmt"/>
        <line num="12" count="0" type="stmt"/>
        <line num="19" count="3" type="stmt"/>
        <line num="25" count="3" type="stmt"/>
        <line num="29" count="0" type="stmt"/>
        <line num="35" count="0" type="stmt"/>
        <line num="39" count="0" type="stmt"/>
        <line num="47" count="0" type="stmt"/>
        <line num="53" count="0" type="stmt"/>
      </file>
      <file name="user.ts" path="/Users/borisstroganov/Documents/GitHub/accessible-health-dashboard/server/src/models/user.ts">
        <metrics statements="15" coveredstatements="3" conditionals="0" coveredconditionals="0" methods="10" coveredmethods="2"/>
        <line num="8" count="3" type="stmt"/>
        <line num="12" count="0" type="stmt"/>
        <line num="19" count="3" type="stmt"/>
        <line num="25" count="3" type="stmt"/>
        <line num="29" count="0" type="stmt"/>
        <line num="35" count="0" type="stmt"/>
        <line num="39" count="0" type="stmt"/>
        <line num="47" count="0" type="stmt"/>
        <line num="53" count="0" type="stmt"/>
        <line num="57" count="0" type="stmt"/>
        <line num="65" count="0" type="stmt"/>
        <line num="73" count="0" type="stmt"/>
        <line num="79" count="0" type="stmt"/>
        <line num="83" count="0" type="stmt"/>
        <line num="88" count="0" type="stmt"/>
      </file>
    </package>
  </project>
</coverage>
