{"/Users/borisstroganov/Documents/GitHub/accessible-health-dashboard/server/src/db.ts": {"path":"/Users/borisstroganov/Documents/GitHub/accessible-health-dashboard/server/src/db.ts","statementMap":{"0":{"start":{"line":5,"column":11},"end":{"line":5,"column":88}},"1":{"start":{"line":6,"column":0},"end":{"line":6,"column":31}},"2":{"start":{"line":9,"column":4},"end":{"line":9,"column":39}},"3":{"start":{"line":12,"column":4},"end":{"line":12,"column":32}},"4":{"start":{"line":16,"column":19},"end":{"line":19,"column":6}},"5":{"start":{"line":20,"column":4},"end":{"line":20,"column":20}}},"fnMap":{"0":{"name":"query","decl":{"start":{"line":8,"column":16},"end":{"line":8,"column":21}},"loc":{"start":{"line":8,"column":68},"end":{"line":10,"column":1}},"line":8},"1":{"name":"exec","decl":{"start":{"line":11,"column":16},"end":{"line":11,"column":20}},"loc":{"start":{"line":11,"column":60},"end":{"line":13,"column":1}},"line":11},"2":{"name":"createTables","decl":{"start":{"line":15,"column":16},"end":{"line":15,"column":28}},"loc":{"start":{"line":15,"column":37},"end":{"line":21,"column":1}},"line":15}},"branchMap":{},"s":{"0":34,"1":34,"2":6,"3":0,"4":34,"5":34},"f":{"0":6,"1":0,"2":34},"b":{},"_coverageSchema":"1a1c01bbd47fc00a2c39e90264f33305004495a9","hash":"6877c2dd502a81bc1d6abe75ad6aa746d4115515"}
,"/Users/borisstroganov/Documents/GitHub/accessible-health-dashboard/server/src/index.ts": {"path":"/Users/borisstroganov/Documents/GitHub/accessible-health-dashboard/server/src/index.ts","statementMap":{"0":{"start":{"line":30,"column":12},"end":{"line":30,"column":21}},"1":{"start":{"line":31,"column":0},"end":{"line":31,"column":39}},"2":{"start":{"line":33,"column":19},"end":{"line":33,"column":28}},"3":{"start":{"line":34,"column":0},"end":{"line":34,"column":27}},"4":{"start":{"line":35,"column":0},"end":{"line":35,"column":16}},"5":{"start":{"line":45,"column":26},"end":{"line":64,"column":1}},"6":{"start":{"line":46,"column":19},"end":{"line":46,"column":29}},"7":{"start":{"line":47,"column":4},"end":{"line":51,"column":5}},"8":{"start":{"line":48,"column":8},"end":{"line":50,"column":11}},"9":{"start":{"line":53,"column":34},"end":{"line":53,"column":40}},"10":{"start":{"line":54,"column":4},"end":{"line":58,"column":5}},"11":{"start":{"line":55,"column":8},"end":{"line":57,"column":11}},"12":{"start":{"line":60,"column":4},"end":{"line":62,"column":6}},"13":{"start":{"line":63,"column":4},"end":{"line":63,"column":11}},"14":{"start":{"line":66,"column":27},"end":{"line":85,"column":1}},"15":{"start":{"line":67,"column":19},"end":{"line":67,"column":29}},"16":{"start":{"line":68,"column":4},"end":{"line":72,"column":5}},"17":{"start":{"line":69,"column":8},"end":{"line":71,"column":11}},"18":{"start":{"line":74,"column":34},"end":{"line":74,"column":40}},"19":{"start":{"line":75,"column":4},"end":{"line":79,"column":5}},"20":{"start":{"line":76,"column":8},"end":{"line":78,"column":11}},"21":{"start":{"line":81,"column":4},"end":{"line":83,"column":6}},"22":{"start":{"line":84,"column":4},"end":{"line":84,"column":11}},"23":{"start":{"line":87,"column":0},"end":{"line":121,"column":3}},"24":{"start":{"line":88,"column":56},"end":{"line":97,"column":5}},"25":{"start":{"line":99,"column":21},"end":{"line":99,"column":40}},"26":{"start":{"line":101,"column":18},"end":{"line":101,"column":36}},"27":{"start":{"line":102,"column":4},"end":{"line":106,"column":5}},"28":{"start":{"line":103,"column":8},"end":{"line":105,"column":10}},"29":{"start":{"line":104,"column":49},"end":{"line":104,"column":60}},"30":{"start":{"line":108,"column":38},"end":{"line":108,"column":69}},"31":{"start":{"line":110,"column":4},"end":{"line":114,"column":5}},"32":{"start":{"line":111,"column":8},"end":{"line":113,"column":10}},"33":{"start":{"line":116,"column":4},"end":{"line":116,"column":38}},"34":{"start":{"line":117,"column":4},"end":{"line":120,"column":30}},"35":{"start":{"line":123,"column":0},"end":{"line":163,"column":3}},"36":{"start":{"line":124,"column":64},"end":{"line":133,"column":5}},"37":{"start":{"line":135,"column":21},"end":{"line":135,"column":40}},"38":{"start":{"line":136,"column":18},"end":{"line":136,"column":36}},"39":{"start":{"line":137,"column":4},"end":{"line":141,"column":5}},"40":{"start":{"line":138,"column":8},"end":{"line":140,"column":10}},"41":{"start":{"line":139,"column":49},"end":{"line":139,"column":60}},"42":{"start":{"line":143,"column":55},"end":{"line":143,"column":94}},"43":{"start":{"line":145,"column":4},"end":{"line":162,"column":5}},"44":{"start":{"line":146,"column":8},"end":{"line":148,"column":10}},"45":{"start":{"line":149,"column":11},"end":{"line":162,"column":5}},"46":{"start":{"line":150,"column":8},"end":{"line":152,"column":10}},"47":{"start":{"line":153,"column":11},"end":{"line":162,"column":5}},"48":{"start":{"line":154,"column":8},"end":{"line":156,"column":10}},"49":{"start":{"line":158,"column":8},"end":{"line":158,"column":56}},"50":{"start":{"line":159,"column":8},"end":{"line":161,"column":42}},"51":{"start":{"line":165,"column":0},"end":{"line":199,"column":3}},"52":{"start":{"line":166,"column":55},"end":{"line":174,"column":5}},"53":{"start":{"line":176,"column":21},"end":{"line":176,"column":40}},"54":{"start":{"line":177,"column":18},"end":{"line":177,"column":36}},"55":{"start":{"line":178,"column":4},"end":{"line":182,"column":5}},"56":{"start":{"line":179,"column":8},"end":{"line":181,"column":10}},"57":{"start":{"line":180,"column":49},"end":{"line":180,"column":60}},"58":{"start":{"line":187,"column":8},"end":{"line":187,"column":38}},"59":{"start":{"line":188,"column":4},"end":{"line":198,"column":5}},"60":{"start":{"line":190,"column":8},"end":{"line":193,"column":33}},"61":{"start":{"line":195,"column":8},"end":{"line":197,"column":10}},"62":{"start":{"line":201,"column":0},"end":{"line":228,"column":3}},"63":{"start":{"line":202,"column":59},"end":{"line":209,"column":5}},"64":{"start":{"line":211,"column":21},"end":{"line":211,"column":40}},"65":{"start":{"line":212,"column":18},"end":{"line":212,"column":36}},"66":{"start":{"line":213,"column":4},"end":{"line":217,"column":5}},"67":{"start":{"line":214,"column":8},"end":{"line":216,"column":10}},"68":{"start":{"line":215,"column":49},"end":{"line":215,"column":60}},"69":{"start":{"line":221,"column":8},"end":{"line":221,"column":42}},"70":{"start":{"line":222,"column":15},"end":{"line":222,"column":44}},"71":{"start":{"line":223,"column":4},"end":{"line":227,"column":33}},"72":{"start":{"line":230,"column":0},"end":{"line":260,"column":3}},"73":{"start":{"line":231,"column":59},"end":{"line":239,"column":5}},"74":{"start":{"line":241,"column":21},"end":{"line":241,"column":40}},"75":{"start":{"line":242,"column":18},"end":{"line":242,"column":36}},"76":{"start":{"line":243,"column":4},"end":{"line":247,"column":5}},"77":{"start":{"line":244,"column":8},"end":{"line":246,"column":10}},"78":{"start":{"line":245,"column":49},"end":{"line":245,"column":60}},"79":{"start":{"line":252,"column":8},"end":{"line":252,"column":42}},"80":{"start":{"line":253,"column":15},"end":{"line":253,"column":77}},"81":{"start":{"line":254,"column":4},"end":{"line":259,"column":33}},"82":{"start":{"line":262,"column":0},"end":{"line":292,"column":3}},"83":{"start":{"line":263,"column":63},"end":{"line":271,"column":5}},"84":{"start":{"line":273,"column":21},"end":{"line":273,"column":40}},"85":{"start":{"line":274,"column":18},"end":{"line":274,"column":36}},"86":{"start":{"line":275,"column":4},"end":{"line":279,"column":5}},"87":{"start":{"line":276,"column":8},"end":{"line":278,"column":10}},"88":{"start":{"line":277,"column":49},"end":{"line":277,"column":60}},"89":{"start":{"line":284,"column":8},"end":{"line":284,"column":46}},"90":{"start":{"line":285,"column":15},"end":{"line":285,"column":59}},"91":{"start":{"line":286,"column":4},"end":{"line":291,"column":37}},"92":{"start":{"line":294,"column":0},"end":{"line":305,"column":3}},"93":{"start":{"line":295,"column":15},"end":{"line":295,"column":51}},"94":{"start":{"line":296,"column":4},"end":{"line":304,"column":5}},"95":{"start":{"line":297,"column":8},"end":{"line":297,"column":21}},"96":{"start":{"line":299,"column":8},"end":{"line":303,"column":11}},"97":{"start":{"line":307,"column":0},"end":{"line":317,"column":3}},"98":{"start":{"line":308,"column":15},"end":{"line":308,"column":51}},"99":{"start":{"line":309,"column":4},"end":{"line":316,"column":5}},"100":{"start":{"line":310,"column":8},"end":{"line":310,"column":21}},"101":{"start":{"line":312,"column":8},"end":{"line":315,"column":11}},"102":{"start":{"line":319,"column":0},"end":{"line":330,"column":3}},"103":{"start":{"line":320,"column":19},"end":{"line":320,"column":59}},"104":{"start":{"line":321,"column":4},"end":{"line":329,"column":5}},"105":{"start":{"line":322,"column":8},"end":{"line":322,"column":25}},"106":{"start":{"line":324,"column":8},"end":{"line":328,"column":11}},"107":{"start":{"line":332,"column":0},"end":{"line":353,"column":3}},"108":{"start":{"line":333,"column":15},"end":{"line":333,"column":54}},"109":{"start":{"line":334,"column":4},"end":{"line":352,"column":5}},"110":{"start":{"line":335,"column":8},"end":{"line":342,"column":40}},"111":{"start":{"line":336,"column":33},"end":{"line":341,"column":13}},"112":{"start":{"line":344,"column":8},"end":{"line":351,"column":40}},"113":{"start":{"line":355,"column":0},"end":{"line":378,"column":3}},"114":{"start":{"line":356,"column":15},"end":{"line":356,"column":54}},"115":{"start":{"line":357,"column":4},"end":{"line":377,"column":5}},"116":{"start":{"line":358,"column":8},"end":{"line":366,"column":40}},"117":{"start":{"line":359,"column":33},"end":{"line":365,"column":13}},"118":{"start":{"line":368,"column":8},"end":{"line":376,"column":40}},"119":{"start":{"line":380,"column":0},"end":{"line":403,"column":3}},"120":{"start":{"line":381,"column":19},"end":{"line":381,"column":62}},"121":{"start":{"line":382,"column":4},"end":{"line":402,"column":5}},"122":{"start":{"line":383,"column":8},"end":{"line":391,"column":45}},"123":{"start":{"line":384,"column":42},"end":{"line":390,"column":13}},"124":{"start":{"line":393,"column":8},"end":{"line":401,"column":45}},"125":{"start":{"line":405,"column":0},"end":{"line":454,"column":3}},"126":{"start":{"line":406,"column":75},"end":{"line":413,"column":5}},"127":{"start":{"line":415,"column":21},"end":{"line":415,"column":40}},"128":{"start":{"line":416,"column":18},"end":{"line":416,"column":37}},"129":{"start":{"line":417,"column":4},"end":{"line":421,"column":5}},"130":{"start":{"line":418,"column":8},"end":{"line":420,"column":10}},"131":{"start":{"line":419,"column":49},"end":{"line":419,"column":60}},"132":{"start":{"line":423,"column":26},"end":{"line":423,"column":77}},"133":{"start":{"line":425,"column":4},"end":{"line":452,"column":5}},"134":{"start":{"line":426,"column":8},"end":{"line":428,"column":10}},"135":{"start":{"line":430,"column":23},"end":{"line":430,"column":61}},"136":{"start":{"line":431,"column":8},"end":{"line":451,"column":9}},"137":{"start":{"line":432,"column":12},"end":{"line":440,"column":58}},"138":{"start":{"line":433,"column":46},"end":{"line":439,"column":17}},"139":{"start":{"line":442,"column":12},"end":{"line":450,"column":58}},"140":{"start":{"line":456,"column":0},"end":{"line":490,"column":2}},"141":{"start":{"line":457,"column":65},"end":{"line":466,"column":5}},"142":{"start":{"line":468,"column":21},"end":{"line":468,"column":40}},"143":{"start":{"line":470,"column":18},"end":{"line":470,"column":36}},"144":{"start":{"line":471,"column":4},"end":{"line":475,"column":5}},"145":{"start":{"line":472,"column":8},"end":{"line":474,"column":10}},"146":{"start":{"line":473,"column":49},"end":{"line":473,"column":60}},"147":{"start":{"line":477,"column":38},"end":{"line":477,"column":78}},"148":{"start":{"line":479,"column":4},"end":{"line":483,"column":5}},"149":{"start":{"line":480,"column":8},"end":{"line":482,"column":10}},"150":{"start":{"line":485,"column":4},"end":{"line":485,"column":43}},"151":{"start":{"line":486,"column":4},"end":{"line":489,"column":39}},"152":{"start":{"line":492,"column":0},"end":{"line":526,"column":3}},"153":{"start":{"line":493,"column":64},"end":{"line":501,"column":5}},"154":{"start":{"line":503,"column":21},"end":{"line":503,"column":40}},"155":{"start":{"line":504,"column":18},"end":{"line":504,"column":36}},"156":{"start":{"line":505,"column":4},"end":{"line":509,"column":5}},"157":{"start":{"line":506,"column":8},"end":{"line":508,"column":10}},"158":{"start":{"line":507,"column":49},"end":{"line":507,"column":60}},"159":{"start":{"line":514,"column":8},"end":{"line":514,"column":47}},"160":{"start":{"line":515,"column":4},"end":{"line":525,"column":5}},"161":{"start":{"line":517,"column":8},"end":{"line":520,"column":42}},"162":{"start":{"line":522,"column":8},"end":{"line":524,"column":10}},"163":{"start":{"line":528,"column":0},"end":{"line":568,"column":3}},"164":{"start":{"line":529,"column":73},"end":{"line":538,"column":5}},"165":{"start":{"line":540,"column":21},"end":{"line":540,"column":40}},"166":{"start":{"line":541,"column":18},"end":{"line":541,"column":36}},"167":{"start":{"line":542,"column":4},"end":{"line":546,"column":5}},"168":{"start":{"line":543,"column":8},"end":{"line":545,"column":10}},"169":{"start":{"line":544,"column":49},"end":{"line":544,"column":60}},"170":{"start":{"line":548,"column":55},"end":{"line":548,"column":103}},"171":{"start":{"line":550,"column":4},"end":{"line":567,"column":5}},"172":{"start":{"line":551,"column":8},"end":{"line":553,"column":10}},"173":{"start":{"line":554,"column":11},"end":{"line":567,"column":5}},"174":{"start":{"line":555,"column":8},"end":{"line":557,"column":10}},"175":{"start":{"line":558,"column":11},"end":{"line":567,"column":5}},"176":{"start":{"line":559,"column":8},"end":{"line":561,"column":10}},"177":{"start":{"line":563,"column":8},"end":{"line":563,"column":61}},"178":{"start":{"line":564,"column":8},"end":{"line":566,"column":51}},"179":{"start":{"line":570,"column":0},"end":{"line":605,"column":3}},"180":{"start":{"line":571,"column":62},"end":{"line":578,"column":5}},"181":{"start":{"line":580,"column":21},"end":{"line":580,"column":40}},"182":{"start":{"line":581,"column":18},"end":{"line":581,"column":36}},"183":{"start":{"line":582,"column":4},"end":{"line":586,"column":5}},"184":{"start":{"line":583,"column":8},"end":{"line":585,"column":10}},"185":{"start":{"line":584,"column":49},"end":{"line":584,"column":60}},"186":{"start":{"line":588,"column":31},"end":{"line":588,"column":68}},"187":{"start":{"line":590,"column":4},"end":{"line":604,"column":5}},"188":{"start":{"line":591,"column":8},"end":{"line":593,"column":10}},"189":{"start":{"line":594,"column":11},"end":{"line":604,"column":5}},"190":{"start":{"line":595,"column":8},"end":{"line":597,"column":10}},"191":{"start":{"line":599,"column":8},"end":{"line":599,"column":53}},"192":{"start":{"line":600,"column":8},"end":{"line":603,"column":40}},"193":{"start":{"line":607,"column":0},"end":{"line":618,"column":3}},"194":{"start":{"line":608,"column":4},"end":{"line":617,"column":5}},"195":{"start":{"line":609,"column":8},"end":{"line":611,"column":10}},"196":{"start":{"line":613,"column":8},"end":{"line":613,"column":39}},"197":{"start":{"line":614,"column":8},"end":{"line":616,"column":43}},"198":{"start":{"line":620,"column":0},"end":{"line":651,"column":3}},"199":{"start":{"line":621,"column":63},"end":{"line":628,"column":5}},"200":{"start":{"line":630,"column":21},"end":{"line":630,"column":40}},"201":{"start":{"line":631,"column":18},"end":{"line":631,"column":36}},"202":{"start":{"line":632,"column":4},"end":{"line":636,"column":5}},"203":{"start":{"line":633,"column":8},"end":{"line":635,"column":10}},"204":{"start":{"line":634,"column":49},"end":{"line":634,"column":60}},"205":{"start":{"line":638,"column":26},"end":{"line":638,"column":64}},"206":{"start":{"line":640,"column":4},"end":{"line":649,"column":5}},"207":{"start":{"line":641,"column":8},"end":{"line":643,"column":10}},"208":{"start":{"line":645,"column":8},"end":{"line":645,"column":34}},"209":{"start":{"line":646,"column":8},"end":{"line":648,"column":41}},"210":{"start":{"line":653,"column":0},"end":{"line":666,"column":3}},"211":{"start":{"line":654,"column":27},"end":{"line":654,"column":74}},"212":{"start":{"line":655,"column":4},"end":{"line":665,"column":5}},"213":{"start":{"line":656,"column":8},"end":{"line":659,"column":11}},"214":{"start":{"line":661,"column":8},"end":{"line":664,"column":11}},"215":{"start":{"line":668,"column":0},"end":{"line":695,"column":3}},"216":{"start":{"line":669,"column":26},"end":{"line":669,"column":69}},"217":{"start":{"line":670,"column":4},"end":{"line":694,"column":5}},"218":{"start":{"line":671,"column":25},"end":{"line":679,"column":10}},"219":{"start":{"line":672,"column":32},"end":{"line":672,"column":58}},"220":{"start":{"line":673,"column":27},"end":{"line":673,"column":56}},"221":{"start":{"line":674,"column":12},"end":{"line":678,"column":13}},"222":{"start":{"line":680,"column":8},"end":{"line":682,"column":10}},"223":{"start":{"line":684,"column":8},"end":{"line":693,"column":49}},"224":{"start":{"line":697,"column":0},"end":{"line":735,"column":3}},"225":{"start":{"line":698,"column":64},"end":{"line":705,"column":5}},"226":{"start":{"line":707,"column":21},"end":{"line":707,"column":40}},"227":{"start":{"line":708,"column":18},"end":{"line":708,"column":36}},"228":{"start":{"line":709,"column":4},"end":{"line":713,"column":5}},"229":{"start":{"line":710,"column":8},"end":{"line":712,"column":10}},"230":{"start":{"line":711,"column":49},"end":{"line":711,"column":60}},"231":{"start":{"line":715,"column":26},"end":{"line":715,"column":65}},"232":{"start":{"line":716,"column":4},"end":{"line":734,"column":5}},"233":{"start":{"line":717,"column":8},"end":{"line":719,"column":10}},"234":{"start":{"line":720,"column":11},"end":{"line":734,"column":5}},"235":{"start":{"line":721,"column":8},"end":{"line":723,"column":10}},"236":{"start":{"line":724,"column":11},"end":{"line":734,"column":5}},"237":{"start":{"line":725,"column":8},"end":{"line":727,"column":10}},"238":{"start":{"line":729,"column":8},"end":{"line":729,"column":51}},"239":{"start":{"line":730,"column":8},"end":{"line":733,"column":42}},"240":{"start":{"line":737,"column":0},"end":{"line":758,"column":3}},"241":{"start":{"line":738,"column":24},"end":{"line":738,"column":68}},"242":{"start":{"line":739,"column":4},"end":{"line":757,"column":5}},"243":{"start":{"line":740,"column":27},"end":{"line":743,"column":10}},"244":{"start":{"line":741,"column":34},"end":{"line":741,"column":76}},"245":{"start":{"line":742,"column":12},"end":{"line":742,"column":109}},"246":{"start":{"line":745,"column":8},"end":{"line":745,"column":81}},"247":{"start":{"line":747,"column":8},"end":{"line":756,"column":47}},"248":{"start":{"line":760,"column":0},"end":{"line":781,"column":3}},"249":{"start":{"line":761,"column":24},"end":{"line":761,"column":73}},"250":{"start":{"line":762,"column":4},"end":{"line":780,"column":5}},"251":{"start":{"line":763,"column":22},"end":{"line":766,"column":10}},"252":{"start":{"line":764,"column":29},"end":{"line":764,"column":56}},"253":{"start":{"line":765,"column":12},"end":{"line":765,"column":79}},"254":{"start":{"line":768,"column":8},"end":{"line":768,"column":76}},"255":{"start":{"line":770,"column":8},"end":{"line":779,"column":52}},"256":{"start":{"line":783,"column":0},"end":{"line":822,"column":3}},"257":{"start":{"line":784,"column":66},"end":{"line":791,"column":5}},"258":{"start":{"line":793,"column":21},"end":{"line":793,"column":40}},"259":{"start":{"line":794,"column":18},"end":{"line":794,"column":36}},"260":{"start":{"line":795,"column":4},"end":{"line":799,"column":5}},"261":{"start":{"line":796,"column":8},"end":{"line":798,"column":10}},"262":{"start":{"line":797,"column":49},"end":{"line":797,"column":60}},"263":{"start":{"line":801,"column":31},"end":{"line":801,"column":72}},"264":{"start":{"line":802,"column":4},"end":{"line":821,"column":5}},"265":{"start":{"line":803,"column":8},"end":{"line":805,"column":10}},"266":{"start":{"line":806,"column":11},"end":{"line":821,"column":5}},"267":{"start":{"line":807,"column":8},"end":{"line":809,"column":10}},"268":{"start":{"line":810,"column":11},"end":{"line":821,"column":5}},"269":{"start":{"line":811,"column":8},"end":{"line":813,"column":10}},"270":{"start":{"line":815,"column":8},"end":{"line":815,"column":56}},"271":{"start":{"line":816,"column":8},"end":{"line":816,"column":52}},"272":{"start":{"line":817,"column":8},"end":{"line":820,"column":44}},"273":{"start":{"line":824,"column":0},"end":{"line":857,"column":3}},"274":{"start":{"line":825,"column":66},"end":{"line":832,"column":5}},"275":{"start":{"line":834,"column":21},"end":{"line":834,"column":40}},"276":{"start":{"line":835,"column":18},"end":{"line":835,"column":36}},"277":{"start":{"line":836,"column":4},"end":{"line":840,"column":5}},"278":{"start":{"line":837,"column":8},"end":{"line":839,"column":10}},"279":{"start":{"line":838,"column":49},"end":{"line":838,"column":60}},"280":{"start":{"line":842,"column":31},"end":{"line":842,"column":72}},"281":{"start":{"line":843,"column":4},"end":{"line":856,"column":5}},"282":{"start":{"line":844,"column":8},"end":{"line":846,"column":10}},"283":{"start":{"line":847,"column":11},"end":{"line":856,"column":5}},"284":{"start":{"line":848,"column":8},"end":{"line":850,"column":10}},"285":{"start":{"line":852,"column":8},"end":{"line":852,"column":56}},"286":{"start":{"line":853,"column":8},"end":{"line":855,"column":44}},"287":{"start":{"line":859,"column":0},"end":{"line":897,"column":3}},"288":{"start":{"line":860,"column":64},"end":{"line":869,"column":5}},"289":{"start":{"line":871,"column":21},"end":{"line":871,"column":40}},"290":{"start":{"line":872,"column":18},"end":{"line":872,"column":36}},"291":{"start":{"line":873,"column":4},"end":{"line":877,"column":5}},"292":{"start":{"line":874,"column":8},"end":{"line":876,"column":10}},"293":{"start":{"line":875,"column":49},"end":{"line":875,"column":60}},"294":{"start":{"line":879,"column":59},"end":{"line":879,"column":98}},"295":{"start":{"line":880,"column":4},"end":{"line":896,"column":5}},"296":{"start":{"line":881,"column":8},"end":{"line":883,"column":10}},"297":{"start":{"line":884,"column":11},"end":{"line":896,"column":5}},"298":{"start":{"line":885,"column":8},"end":{"line":887,"column":10}},"299":{"start":{"line":889,"column":8},"end":{"line":889,"column":84}},"300":{"start":{"line":890,"column":8},"end":{"line":895,"column":42}},"301":{"start":{"line":899,"column":0},"end":{"line":946,"column":3}},"302":{"start":{"line":900,"column":26},"end":{"line":900,"column":70}},"303":{"start":{"line":901,"column":4},"end":{"line":945,"column":5}},"304":{"start":{"line":902,"column":28},"end":{"line":927,"column":10}},"305":{"start":{"line":903,"column":35},"end":{"line":903,"column":87}},"306":{"start":{"line":904,"column":34},"end":{"line":904,"column":66}},"307":{"start":{"line":905,"column":36},"end":{"line":905,"column":79}},"308":{"start":{"line":906,"column":35},"end":{"line":906,"column":77}},"309":{"start":{"line":907,"column":27},"end":{"line":907,"column":71}},"310":{"start":{"line":908,"column":72},"end":{"line":908,"column":95}},"311":{"start":{"line":909,"column":12},"end":{"line":911,"column":13}},"312":{"start":{"line":910,"column":16},"end":{"line":910,"column":92}},"313":{"start":{"line":912,"column":39},"end":{"line":912,"column":41}},"314":{"start":{"line":913,"column":12},"end":{"line":915,"column":13}},"315":{"start":{"line":914,"column":16},"end":{"line":914,"column":78}},"316":{"start":{"line":916,"column":12},"end":{"line":926,"column":14}},"317":{"start":{"line":929,"column":8},"end":{"line":929,"column":83}},"318":{"start":{"line":931,"column":8},"end":{"line":944,"column":47}},"319":{"start":{"line":948,"column":0},"end":{"line":995,"column":3}},"320":{"start":{"line":949,"column":26},"end":{"line":949,"column":75}},"321":{"start":{"line":950,"column":4},"end":{"line":994,"column":5}},"322":{"start":{"line":951,"column":28},"end":{"line":976,"column":10}},"323":{"start":{"line":952,"column":30},"end":{"line":952,"column":77}},"324":{"start":{"line":953,"column":29},"end":{"line":953,"column":51}},"325":{"start":{"line":954,"column":36},"end":{"line":954,"column":79}},"326":{"start":{"line":955,"column":35},"end":{"line":955,"column":77}},"327":{"start":{"line":956,"column":27},"end":{"line":956,"column":71}},"328":{"start":{"line":957,"column":72},"end":{"line":957,"column":95}},"329":{"start":{"line":958,"column":12},"end":{"line":960,"column":13}},"330":{"start":{"line":959,"column":16},"end":{"line":959,"column":92}},"331":{"start":{"line":961,"column":39},"end":{"line":961,"column":41}},"332":{"start":{"line":962,"column":12},"end":{"line":964,"column":13}},"333":{"start":{"line":963,"column":16},"end":{"line":963,"column":78}},"334":{"start":{"line":965,"column":12},"end":{"line":975,"column":14}},"335":{"start":{"line":978,"column":8},"end":{"line":978,"column":88}},"336":{"start":{"line":980,"column":8},"end":{"line":993,"column":52}},"337":{"start":{"line":997,"column":0},"end":{"line":1048,"column":3}},"338":{"start":{"line":998,"column":66},"end":{"line":1007,"column":5}},"339":{"start":{"line":1009,"column":21},"end":{"line":1009,"column":40}},"340":{"start":{"line":1010,"column":18},"end":{"line":1010,"column":36}},"341":{"start":{"line":1011,"column":4},"end":{"line":1015,"column":5}},"342":{"start":{"line":1012,"column":8},"end":{"line":1014,"column":10}},"343":{"start":{"line":1013,"column":49},"end":{"line":1013,"column":60}},"344":{"start":{"line":1021,"column":8},"end":{"line":1021,"column":49}},"345":{"start":{"line":1023,"column":4},"end":{"line":1035,"column":5}},"346":{"start":{"line":1024,"column":8},"end":{"line":1026,"column":10}},"347":{"start":{"line":1027,"column":11},"end":{"line":1035,"column":5}},"348":{"start":{"line":1028,"column":8},"end":{"line":1030,"column":10}},"349":{"start":{"line":1031,"column":11},"end":{"line":1035,"column":5}},"350":{"start":{"line":1032,"column":8},"end":{"line":1034,"column":10}},"351":{"start":{"line":1037,"column":15},"end":{"line":1037,"column":59}},"352":{"start":{"line":1038,"column":17},"end":{"line":1038,"column":47}},"353":{"start":{"line":1039,"column":4},"end":{"line":1041,"column":5}},"354":{"start":{"line":1040,"column":8},"end":{"line":1040,"column":59}},"355":{"start":{"line":1042,"column":4},"end":{"line":1047,"column":40}},"356":{"start":{"line":1050,"column":0},"end":{"line":1098,"column":3}},"357":{"start":{"line":1051,"column":66},"end":{"line":1059,"column":5}},"358":{"start":{"line":1061,"column":21},"end":{"line":1061,"column":40}},"359":{"start":{"line":1062,"column":18},"end":{"line":1062,"column":36}},"360":{"start":{"line":1063,"column":4},"end":{"line":1067,"column":5}},"361":{"start":{"line":1064,"column":8},"end":{"line":1066,"column":10}},"362":{"start":{"line":1065,"column":49},"end":{"line":1065,"column":60}},"363":{"start":{"line":1072,"column":8},"end":{"line":1072,"column":49}},"364":{"start":{"line":1074,"column":4},"end":{"line":1090,"column":5}},"365":{"start":{"line":1075,"column":8},"end":{"line":1077,"column":10}},"366":{"start":{"line":1078,"column":11},"end":{"line":1090,"column":5}},"367":{"start":{"line":1079,"column":8},"end":{"line":1081,"column":10}},"368":{"start":{"line":1082,"column":11},"end":{"line":1090,"column":5}},"369":{"start":{"line":1083,"column":8},"end":{"line":1085,"column":10}},"370":{"start":{"line":1086,"column":11},"end":{"line":1090,"column":5}},"371":{"start":{"line":1087,"column":8},"end":{"line":1089,"column":10}},"372":{"start":{"line":1092,"column":4},"end":{"line":1092,"column":53}},"373":{"start":{"line":1093,"column":4},"end":{"line":1097,"column":6}},"374":{"start":{"line":1100,"column":0},"end":{"line":1134,"column":3}},"375":{"start":{"line":1101,"column":66},"end":{"line":1108,"column":5}},"376":{"start":{"line":1110,"column":21},"end":{"line":1110,"column":40}},"377":{"start":{"line":1111,"column":18},"end":{"line":1111,"column":36}},"378":{"start":{"line":1112,"column":4},"end":{"line":1116,"column":5}},"379":{"start":{"line":1113,"column":8},"end":{"line":1115,"column":10}},"380":{"start":{"line":1114,"column":49},"end":{"line":1114,"column":60}},"381":{"start":{"line":1118,"column":29},"end":{"line":1118,"column":70}},"382":{"start":{"line":1120,"column":4},"end":{"line":1128,"column":5}},"383":{"start":{"line":1121,"column":8},"end":{"line":1123,"column":10}},"384":{"start":{"line":1124,"column":11},"end":{"line":1128,"column":5}},"385":{"start":{"line":1125,"column":8},"end":{"line":1127,"column":10}},"386":{"start":{"line":1130,"column":4},"end":{"line":1130,"column":35}},"387":{"start":{"line":1131,"column":4},"end":{"line":1133,"column":40}},"388":{"start":{"line":1136,"column":0},"end":{"line":1136,"column":15}},"389":{"start":{"line":1137,"column":0},"end":{"line":1141,"column":1}},"390":{"start":{"line":1138,"column":4},"end":{"line":1140,"column":7}},"391":{"start":{"line":1139,"column":8},"end":{"line":1139,"column":39}}},"fnMap":{"0":{"name":"(anonymous_0)","decl":{"start":{"line":45,"column":26},"end":{"line":45,"column":27}},"loc":{"start":{"line":45,"column":79},"end":{"line":64,"column":1}},"line":45},"1":{"name":"(anonymous_1)","decl":{"start":{"line":66,"column":27},"end":{"line":66,"column":28}},"loc":{"start":{"line":66,"column":80},"end":{"line":85,"column":1}},"line":66},"2":{"name":"(anonymous_2)","decl":{"start":{"line":87,"column":20},"end":{"line":87,"column":21}},"loc":{"start":{"line":87,"column":53},"end":{"line":121,"column":1}},"line":87},"3":{"name":"(anonymous_3)","decl":{"start":{"line":104,"column":42},"end":{"line":104,"column":43}},"loc":{"start":{"line":104,"column":49},"end":{"line":104,"column":60}},"line":104},"4":{"name":"(anonymous_4)","decl":{"start":{"line":123,"column":40},"end":{"line":123,"column":41}},"loc":{"start":{"line":123,"column":73},"end":{"line":163,"column":1}},"line":123},"5":{"name":"(anonymous_5)","decl":{"start":{"line":139,"column":42},"end":{"line":139,"column":43}},"loc":{"start":{"line":139,"column":49},"end":{"line":139,"column":60}},"line":139},"6":{"name":"(anonymous_6)","decl":{"start":{"line":165,"column":19},"end":{"line":165,"column":20}},"loc":{"start":{"line":165,"column":52},"end":{"line":199,"column":1}},"line":165},"7":{"name":"(anonymous_7)","decl":{"start":{"line":180,"column":42},"end":{"line":180,"column":43}},"loc":{"start":{"line":180,"column":49},"end":{"line":180,"column":60}},"line":180},"8":{"name":"(anonymous_8)","decl":{"start":{"line":201,"column":35},"end":{"line":201,"column":36}},"loc":{"start":{"line":201,"column":68},"end":{"line":228,"column":1}},"line":201},"9":{"name":"(anonymous_9)","decl":{"start":{"line":215,"column":42},"end":{"line":215,"column":43}},"loc":{"start":{"line":215,"column":49},"end":{"line":215,"column":60}},"line":215},"10":{"name":"(anonymous_10)","decl":{"start":{"line":230,"column":35},"end":{"line":230,"column":36}},"loc":{"start":{"line":230,"column":68},"end":{"line":260,"column":1}},"line":230},"11":{"name":"(anonymous_11)","decl":{"start":{"line":245,"column":42},"end":{"line":245,"column":43}},"loc":{"start":{"line":245,"column":49},"end":{"line":245,"column":60}},"line":245},"12":{"name":"(anonymous_12)","decl":{"start":{"line":262,"column":39},"end":{"line":262,"column":40}},"loc":{"start":{"line":262,"column":72},"end":{"line":292,"column":1}},"line":262},"13":{"name":"(anonymous_13)","decl":{"start":{"line":277,"column":42},"end":{"line":277,"column":43}},"loc":{"start":{"line":277,"column":49},"end":{"line":277,"column":60}},"line":277},"14":{"name":"(anonymous_14)","decl":{"start":{"line":294,"column":33},"end":{"line":294,"column":34}},"loc":{"start":{"line":294,"column":66},"end":{"line":305,"column":1}},"line":294},"15":{"name":"(anonymous_15)","decl":{"start":{"line":307,"column":33},"end":{"line":307,"column":34}},"loc":{"start":{"line":307,"column":66},"end":{"line":317,"column":1}},"line":307},"16":{"name":"(anonymous_16)","decl":{"start":{"line":319,"column":37},"end":{"line":319,"column":38}},"loc":{"start":{"line":319,"column":70},"end":{"line":330,"column":1}},"line":319},"17":{"name":"(anonymous_17)","decl":{"start":{"line":332,"column":36},"end":{"line":332,"column":37}},"loc":{"start":{"line":332,"column":69},"end":{"line":353,"column":1}},"line":332},"18":{"name":"(anonymous_18)","decl":{"start":{"line":336,"column":24},"end":{"line":336,"column":25}},"loc":{"start":{"line":336,"column":33},"end":{"line":341,"column":13}},"line":336},"19":{"name":"(anonymous_19)","decl":{"start":{"line":355,"column":36},"end":{"line":355,"column":37}},"loc":{"start":{"line":355,"column":69},"end":{"line":378,"column":1}},"line":355},"20":{"name":"(anonymous_20)","decl":{"start":{"line":359,"column":24},"end":{"line":359,"column":25}},"loc":{"start":{"line":359,"column":33},"end":{"line":365,"column":13}},"line":359},"21":{"name":"(anonymous_21)","decl":{"start":{"line":380,"column":41},"end":{"line":380,"column":42}},"loc":{"start":{"line":380,"column":74},"end":{"line":403,"column":1}},"line":380},"22":{"name":"(anonymous_22)","decl":{"start":{"line":384,"column":33},"end":{"line":384,"column":34}},"loc":{"start":{"line":384,"column":42},"end":{"line":390,"column":13}},"line":384},"23":{"name":"(anonymous_23)","decl":{"start":{"line":405,"column":51},"end":{"line":405,"column":52}},"loc":{"start":{"line":405,"column":84},"end":{"line":454,"column":1}},"line":405},"24":{"name":"(anonymous_24)","decl":{"start":{"line":419,"column":42},"end":{"line":419,"column":43}},"loc":{"start":{"line":419,"column":49},"end":{"line":419,"column":60}},"line":419},"25":{"name":"(anonymous_25)","decl":{"start":{"line":433,"column":37},"end":{"line":433,"column":38}},"loc":{"start":{"line":433,"column":46},"end":{"line":439,"column":17}},"line":433},"26":{"name":"(anonymous_26)","decl":{"start":{"line":456,"column":29},"end":{"line":456,"column":30}},"loc":{"start":{"line":456,"column":62},"end":{"line":490,"column":1}},"line":456},"27":{"name":"(anonymous_27)","decl":{"start":{"line":473,"column":42},"end":{"line":473,"column":43}},"loc":{"start":{"line":473,"column":49},"end":{"line":473,"column":60}},"line":473},"28":{"name":"(anonymous_28)","decl":{"start":{"line":492,"column":28},"end":{"line":492,"column":29}},"loc":{"start":{"line":492,"column":61},"end":{"line":526,"column":1}},"line":492},"29":{"name":"(anonymous_29)","decl":{"start":{"line":507,"column":42},"end":{"line":507,"column":43}},"loc":{"start":{"line":507,"column":49},"end":{"line":507,"column":60}},"line":507},"30":{"name":"(anonymous_30)","decl":{"start":{"line":528,"column":50},"end":{"line":528,"column":51}},"loc":{"start":{"line":528,"column":83},"end":{"line":568,"column":1}},"line":528},"31":{"name":"(anonymous_31)","decl":{"start":{"line":544,"column":42},"end":{"line":544,"column":43}},"loc":{"start":{"line":544,"column":49},"end":{"line":544,"column":60}},"line":544},"32":{"name":"(anonymous_32)","decl":{"start":{"line":570,"column":38},"end":{"line":570,"column":39}},"loc":{"start":{"line":570,"column":71},"end":{"line":605,"column":1}},"line":570},"33":{"name":"(anonymous_33)","decl":{"start":{"line":584,"column":42},"end":{"line":584,"column":43}},"loc":{"start":{"line":584,"column":49},"end":{"line":584,"column":60}},"line":584},"34":{"name":"(anonymous_34)","decl":{"start":{"line":607,"column":42},"end":{"line":607,"column":43}},"loc":{"start":{"line":607,"column":65},"end":{"line":618,"column":1}},"line":607},"35":{"name":"(anonymous_35)","decl":{"start":{"line":620,"column":41},"end":{"line":620,"column":42}},"loc":{"start":{"line":620,"column":64},"end":{"line":651,"column":1}},"line":620},"36":{"name":"(anonymous_36)","decl":{"start":{"line":634,"column":42},"end":{"line":634,"column":43}},"loc":{"start":{"line":634,"column":49},"end":{"line":634,"column":60}},"line":634},"37":{"name":"(anonymous_37)","decl":{"start":{"line":653,"column":46},"end":{"line":653,"column":47}},"loc":{"start":{"line":653,"column":79},"end":{"line":666,"column":1}},"line":653},"38":{"name":"(anonymous_38)","decl":{"start":{"line":668,"column":46},"end":{"line":668,"column":47}},"loc":{"start":{"line":668,"column":79},"end":{"line":695,"column":1}},"line":668},"39":{"name":"(anonymous_39)","decl":{"start":{"line":671,"column":43},"end":{"line":671,"column":44}},"loc":{"start":{"line":671,"column":56},"end":{"line":679,"column":9}},"line":671},"40":{"name":"(anonymous_40)","decl":{"start":{"line":697,"column":41},"end":{"line":697,"column":42}},"loc":{"start":{"line":697,"column":74},"end":{"line":735,"column":1}},"line":697},"41":{"name":"(anonymous_41)","decl":{"start":{"line":711,"column":42},"end":{"line":711,"column":43}},"loc":{"start":{"line":711,"column":49},"end":{"line":711,"column":60}},"line":711},"42":{"name":"(anonymous_42)","decl":{"start":{"line":737,"column":43},"end":{"line":737,"column":44}},"loc":{"start":{"line":737,"column":76},"end":{"line":758,"column":1}},"line":737},"43":{"name":"(anonymous_43)","decl":{"start":{"line":740,"column":43},"end":{"line":740,"column":44}},"loc":{"start":{"line":740,"column":56},"end":{"line":743,"column":9}},"line":740},"44":{"name":"(anonymous_44)","decl":{"start":{"line":760,"column":49},"end":{"line":760,"column":50}},"loc":{"start":{"line":760,"column":82},"end":{"line":781,"column":1}},"line":760},"45":{"name":"(anonymous_45)","decl":{"start":{"line":763,"column":38},"end":{"line":763,"column":39}},"loc":{"start":{"line":763,"column":46},"end":{"line":766,"column":9}},"line":763},"46":{"name":"(anonymous_46)","decl":{"start":{"line":783,"column":42},"end":{"line":783,"column":43}},"loc":{"start":{"line":783,"column":75},"end":{"line":822,"column":1}},"line":783},"47":{"name":"(anonymous_47)","decl":{"start":{"line":797,"column":42},"end":{"line":797,"column":43}},"loc":{"start":{"line":797,"column":49},"end":{"line":797,"column":60}},"line":797},"48":{"name":"(anonymous_48)","decl":{"start":{"line":824,"column":42},"end":{"line":824,"column":43}},"loc":{"start":{"line":824,"column":75},"end":{"line":857,"column":1}},"line":824},"49":{"name":"(anonymous_49)","decl":{"start":{"line":838,"column":42},"end":{"line":838,"column":43}},"loc":{"start":{"line":838,"column":49},"end":{"line":838,"column":60}},"line":838},"50":{"name":"(anonymous_50)","decl":{"start":{"line":859,"column":41},"end":{"line":859,"column":42}},"loc":{"start":{"line":859,"column":74},"end":{"line":897,"column":1}},"line":859},"51":{"name":"(anonymous_51)","decl":{"start":{"line":875,"column":42},"end":{"line":875,"column":43}},"loc":{"start":{"line":875,"column":49},"end":{"line":875,"column":60}},"line":875},"52":{"name":"(anonymous_52)","decl":{"start":{"line":899,"column":43},"end":{"line":899,"column":44}},"loc":{"start":{"line":899,"column":76},"end":{"line":946,"column":1}},"line":899},"53":{"name":"(anonymous_53)","decl":{"start":{"line":902,"column":46},"end":{"line":902,"column":47}},"loc":{"start":{"line":902,"column":60},"end":{"line":927,"column":9}},"line":902},"54":{"name":"(anonymous_54)","decl":{"start":{"line":948,"column":49},"end":{"line":948,"column":50}},"loc":{"start":{"line":948,"column":82},"end":{"line":995,"column":1}},"line":948},"55":{"name":"(anonymous_55)","decl":{"start":{"line":951,"column":46},"end":{"line":951,"column":47}},"loc":{"start":{"line":951,"column":60},"end":{"line":976,"column":9}},"line":951},"56":{"name":"(anonymous_56)","decl":{"start":{"line":997,"column":42},"end":{"line":997,"column":43}},"loc":{"start":{"line":997,"column":75},"end":{"line":1048,"column":1}},"line":997},"57":{"name":"(anonymous_57)","decl":{"start":{"line":1013,"column":42},"end":{"line":1013,"column":43}},"loc":{"start":{"line":1013,"column":49},"end":{"line":1013,"column":60}},"line":1013},"58":{"name":"(anonymous_58)","decl":{"start":{"line":1050,"column":43},"end":{"line":1050,"column":44}},"loc":{"start":{"line":1050,"column":76},"end":{"line":1098,"column":1}},"line":1050},"59":{"name":"(anonymous_59)","decl":{"start":{"line":1065,"column":42},"end":{"line":1065,"column":43}},"loc":{"start":{"line":1065,"column":49},"end":{"line":1065,"column":60}},"line":1065},"60":{"name":"(anonymous_60)","decl":{"start":{"line":1100,"column":45},"end":{"line":1100,"column":46}},"loc":{"start":{"line":1100,"column":78},"end":{"line":1134,"column":1}},"line":1100},"61":{"name":"(anonymous_61)","decl":{"start":{"line":1114,"column":42},"end":{"line":1114,"column":43}},"loc":{"start":{"line":1114,"column":49},"end":{"line":1114,"column":60}},"line":1114},"62":{"name":"(anonymous_62)","decl":{"start":{"line":1138,"column":21},"end":{"line":1138,"column":22}},"loc":{"start":{"line":1138,"column":27},"end":{"line":1140,"column":5}},"line":1138}},"branchMap":{"0":{"loc":{"start":{"line":47,"column":4},"end":{"line":51,"column":5}},"type":"if","locations":[{"start":{"line":47,"column":4},"end":{"line":51,"column":5}},{"start":{},"end":{}}],"line":47},"1":{"loc":{"start":{"line":54,"column":4},"end":{"line":58,"column":5}},"type":"if","locations":[{"start":{"line":54,"column":4},"end":{"line":58,"column":5}},{"start":{},"end":{}}],"line":54},"2":{"loc":{"start":{"line":54,"column":8},"end":{"line":54,"column":63}},"type":"binary-expr","locations":[{"start":{"line":54,"column":8},"end":{"line":54,"column":31}},{"start":{"line":54,"column":35},"end":{"line":54,"column":63}}],"line":54},"3":{"loc":{"start":{"line":68,"column":4},"end":{"line":72,"column":5}},"type":"if","locations":[{"start":{"line":68,"column":4},"end":{"line":72,"column":5}},{"start":{},"end":{}}],"line":68},"4":{"loc":{"start":{"line":75,"column":4},"end":{"line":79,"column":5}},"type":"if","locations":[{"start":{"line":75,"column":4},"end":{"line":79,"column":5}},{"start":{},"end":{}}],"line":75},"5":{"loc":{"start":{"line":102,"column":4},"end":{"line":106,"column":5}},"type":"if","locations":[{"start":{"line":102,"column":4},"end":{"line":106,"column":5}},{"start":{},"end":{}}],"line":102},"6":{"loc":{"start":{"line":110,"column":4},"end":{"line":114,"column":5}},"type":"if","locations":[{"start":{"line":110,"column":4},"end":{"line":114,"column":5}},{"start":{},"end":{}}],"line":110},"7":{"loc":{"start":{"line":110,"column":8},"end":{"line":110,"column":61}},"type":"binary-expr","locations":[{"start":{"line":110,"column":8},"end":{"line":110,"column":30}},{"start":{"line":110,"column":34},"end":{"line":110,"column":61}}],"line":110},"8":{"loc":{"start":{"line":137,"column":4},"end":{"line":141,"column":5}},"type":"if","locations":[{"start":{"line":137,"column":4},"end":{"line":141,"column":5}},{"start":{},"end":{}}],"line":137},"9":{"loc":{"start":{"line":145,"column":4},"end":{"line":162,"column":5}},"type":"if","locations":[{"start":{"line":145,"column":4},"end":{"line":162,"column":5}},{"start":{"line":149,"column":11},"end":{"line":162,"column":5}}],"line":145},"10":{"loc":{"start":{"line":149,"column":11},"end":{"line":162,"column":5}},"type":"if","locations":[{"start":{"line":149,"column":11},"end":{"line":162,"column":5}},{"start":{"line":153,"column":11},"end":{"line":162,"column":5}}],"line":149},"11":{"loc":{"start":{"line":153,"column":11},"end":{"line":162,"column":5}},"type":"if","locations":[{"start":{"line":153,"column":11},"end":{"line":162,"column":5}},{"start":{"line":157,"column":11},"end":{"line":162,"column":5}}],"line":153},"12":{"loc":{"start":{"line":178,"column":4},"end":{"line":182,"column":5}},"type":"if","locations":[{"start":{"line":178,"column":4},"end":{"line":182,"column":5}},{"start":{},"end":{}}],"line":178},"13":{"loc":{"start":{"line":188,"column":4},"end":{"line":198,"column":5}},"type":"if","locations":[{"start":{"line":188,"column":4},"end":{"line":198,"column":5}},{"start":{"line":194,"column":11},"end":{"line":198,"column":5}}],"line":188},"14":{"loc":{"start":{"line":213,"column":4},"end":{"line":217,"column":5}},"type":"if","locations":[{"start":{"line":213,"column":4},"end":{"line":217,"column":5}},{"start":{},"end":{}}],"line":213},"15":{"loc":{"start":{"line":243,"column":4},"end":{"line":247,"column":5}},"type":"if","locations":[{"start":{"line":243,"column":4},"end":{"line":247,"column":5}},{"start":{},"end":{}}],"line":243},"16":{"loc":{"start":{"line":275,"column":4},"end":{"line":279,"column":5}},"type":"if","locations":[{"start":{"line":275,"column":4},"end":{"line":279,"column":5}},{"start":{},"end":{}}],"line":275},"17":{"loc":{"start":{"line":296,"column":4},"end":{"line":304,"column":5}},"type":"if","locations":[{"start":{"line":296,"column":4},"end":{"line":304,"column":5}},{"start":{"line":298,"column":11},"end":{"line":304,"column":5}}],"line":296},"18":{"loc":{"start":{"line":309,"column":4},"end":{"line":316,"column":5}},"type":"if","locations":[{"start":{"line":309,"column":4},"end":{"line":316,"column":5}},{"start":{"line":311,"column":11},"end":{"line":316,"column":5}}],"line":309},"19":{"loc":{"start":{"line":321,"column":4},"end":{"line":329,"column":5}},"type":"if","locations":[{"start":{"line":321,"column":4},"end":{"line":329,"column":5}},{"start":{"line":323,"column":11},"end":{"line":329,"column":5}}],"line":321},"20":{"loc":{"start":{"line":334,"column":4},"end":{"line":352,"column":5}},"type":"if","locations":[{"start":{"line":334,"column":4},"end":{"line":352,"column":5}},{"start":{"line":343,"column":11},"end":{"line":352,"column":5}}],"line":334},"21":{"loc":{"start":{"line":357,"column":4},"end":{"line":377,"column":5}},"type":"if","locations":[{"start":{"line":357,"column":4},"end":{"line":377,"column":5}},{"start":{"line":367,"column":11},"end":{"line":377,"column":5}}],"line":357},"22":{"loc":{"start":{"line":382,"column":4},"end":{"line":402,"column":5}},"type":"if","locations":[{"start":{"line":382,"column":4},"end":{"line":402,"column":5}},{"start":{"line":392,"column":11},"end":{"line":402,"column":5}}],"line":382},"23":{"loc":{"start":{"line":417,"column":4},"end":{"line":421,"column":5}},"type":"if","locations":[{"start":{"line":417,"column":4},"end":{"line":421,"column":5}},{"start":{},"end":{}}],"line":417},"24":{"loc":{"start":{"line":425,"column":4},"end":{"line":452,"column":5}},"type":"if","locations":[{"start":{"line":425,"column":4},"end":{"line":452,"column":5}},{"start":{"line":429,"column":11},"end":{"line":452,"column":5}}],"line":425},"25":{"loc":{"start":{"line":431,"column":8},"end":{"line":451,"column":9}},"type":"if","locations":[{"start":{"line":431,"column":8},"end":{"line":451,"column":9}},{"start":{"line":441,"column":15},"end":{"line":451,"column":9}}],"line":431},"26":{"loc":{"start":{"line":471,"column":4},"end":{"line":475,"column":5}},"type":"if","locations":[{"start":{"line":471,"column":4},"end":{"line":475,"column":5}},{"start":{},"end":{}}],"line":471},"27":{"loc":{"start":{"line":479,"column":4},"end":{"line":483,"column":5}},"type":"if","locations":[{"start":{"line":479,"column":4},"end":{"line":483,"column":5}},{"start":{},"end":{}}],"line":479},"28":{"loc":{"start":{"line":479,"column":8},"end":{"line":479,"column":61}},"type":"binary-expr","locations":[{"start":{"line":479,"column":8},"end":{"line":479,"column":35}},{"start":{"line":479,"column":39},"end":{"line":479,"column":61}}],"line":479},"29":{"loc":{"start":{"line":505,"column":4},"end":{"line":509,"column":5}},"type":"if","locations":[{"start":{"line":505,"column":4},"end":{"line":509,"column":5}},{"start":{},"end":{}}],"line":505},"30":{"loc":{"start":{"line":515,"column":4},"end":{"line":525,"column":5}},"type":"if","locations":[{"start":{"line":515,"column":4},"end":{"line":525,"column":5}},{"start":{"line":521,"column":11},"end":{"line":525,"column":5}}],"line":515},"31":{"loc":{"start":{"line":542,"column":4},"end":{"line":546,"column":5}},"type":"if","locations":[{"start":{"line":542,"column":4},"end":{"line":546,"column":5}},{"start":{},"end":{}}],"line":542},"32":{"loc":{"start":{"line":550,"column":4},"end":{"line":567,"column":5}},"type":"if","locations":[{"start":{"line":550,"column":4},"end":{"line":567,"column":5}},{"start":{"line":554,"column":11},"end":{"line":567,"column":5}}],"line":550},"33":{"loc":{"start":{"line":554,"column":11},"end":{"line":567,"column":5}},"type":"if","locations":[{"start":{"line":554,"column":11},"end":{"line":567,"column":5}},{"start":{"line":558,"column":11},"end":{"line":567,"column":5}}],"line":554},"34":{"loc":{"start":{"line":558,"column":11},"end":{"line":567,"column":5}},"type":"if","locations":[{"start":{"line":558,"column":11},"end":{"line":567,"column":5}},{"start":{"line":562,"column":11},"end":{"line":567,"column":5}}],"line":558},"35":{"loc":{"start":{"line":582,"column":4},"end":{"line":586,"column":5}},"type":"if","locations":[{"start":{"line":582,"column":4},"end":{"line":586,"column":5}},{"start":{},"end":{}}],"line":582},"36":{"loc":{"start":{"line":590,"column":4},"end":{"line":604,"column":5}},"type":"if","locations":[{"start":{"line":590,"column":4},"end":{"line":604,"column":5}},{"start":{"line":594,"column":11},"end":{"line":604,"column":5}}],"line":590},"37":{"loc":{"start":{"line":594,"column":11},"end":{"line":604,"column":5}},"type":"if","locations":[{"start":{"line":594,"column":11},"end":{"line":604,"column":5}},{"start":{"line":598,"column":11},"end":{"line":604,"column":5}}],"line":594},"38":{"loc":{"start":{"line":608,"column":4},"end":{"line":617,"column":5}},"type":"if","locations":[{"start":{"line":608,"column":4},"end":{"line":617,"column":5}},{"start":{"line":612,"column":11},"end":{"line":617,"column":5}}],"line":608},"39":{"loc":{"start":{"line":632,"column":4},"end":{"line":636,"column":5}},"type":"if","locations":[{"start":{"line":632,"column":4},"end":{"line":636,"column":5}},{"start":{},"end":{}}],"line":632},"40":{"loc":{"start":{"line":640,"column":4},"end":{"line":649,"column":5}},"type":"if","locations":[{"start":{"line":640,"column":4},"end":{"line":649,"column":5}},{"start":{"line":644,"column":11},"end":{"line":649,"column":5}}],"line":640},"41":{"loc":{"start":{"line":655,"column":4},"end":{"line":665,"column":5}},"type":"if","locations":[{"start":{"line":655,"column":4},"end":{"line":665,"column":5}},{"start":{"line":660,"column":11},"end":{"line":665,"column":5}}],"line":655},"42":{"loc":{"start":{"line":670,"column":4},"end":{"line":694,"column":5}},"type":"if","locations":[{"start":{"line":670,"column":4},"end":{"line":694,"column":5}},{"start":{"line":683,"column":11},"end":{"line":694,"column":5}}],"line":670},"43":{"loc":{"start":{"line":709,"column":4},"end":{"line":713,"column":5}},"type":"if","locations":[{"start":{"line":709,"column":4},"end":{"line":713,"column":5}},{"start":{},"end":{}}],"line":709},"44":{"loc":{"start":{"line":716,"column":4},"end":{"line":734,"column":5}},"type":"if","locations":[{"start":{"line":716,"column":4},"end":{"line":734,"column":5}},{"start":{"line":720,"column":11},"end":{"line":734,"column":5}}],"line":716},"45":{"loc":{"start":{"line":720,"column":11},"end":{"line":734,"column":5}},"type":"if","locations":[{"start":{"line":720,"column":11},"end":{"line":734,"column":5}},{"start":{"line":724,"column":11},"end":{"line":734,"column":5}}],"line":720},"46":{"loc":{"start":{"line":724,"column":11},"end":{"line":734,"column":5}},"type":"if","locations":[{"start":{"line":724,"column":11},"end":{"line":734,"column":5}},{"start":{"line":728,"column":11},"end":{"line":734,"column":5}}],"line":724},"47":{"loc":{"start":{"line":739,"column":4},"end":{"line":757,"column":5}},"type":"if","locations":[{"start":{"line":739,"column":4},"end":{"line":757,"column":5}},{"start":{"line":746,"column":11},"end":{"line":757,"column":5}}],"line":739},"48":{"loc":{"start":{"line":762,"column":4},"end":{"line":780,"column":5}},"type":"if","locations":[{"start":{"line":762,"column":4},"end":{"line":780,"column":5}},{"start":{"line":769,"column":11},"end":{"line":780,"column":5}}],"line":762},"49":{"loc":{"start":{"line":795,"column":4},"end":{"line":799,"column":5}},"type":"if","locations":[{"start":{"line":795,"column":4},"end":{"line":799,"column":5}},{"start":{},"end":{}}],"line":795},"50":{"loc":{"start":{"line":802,"column":4},"end":{"line":821,"column":5}},"type":"if","locations":[{"start":{"line":802,"column":4},"end":{"line":821,"column":5}},{"start":{"line":806,"column":11},"end":{"line":821,"column":5}}],"line":802},"51":{"loc":{"start":{"line":806,"column":11},"end":{"line":821,"column":5}},"type":"if","locations":[{"start":{"line":806,"column":11},"end":{"line":821,"column":5}},{"start":{"line":810,"column":11},"end":{"line":821,"column":5}}],"line":806},"52":{"loc":{"start":{"line":810,"column":11},"end":{"line":821,"column":5}},"type":"if","locations":[{"start":{"line":810,"column":11},"end":{"line":821,"column":5}},{"start":{"line":814,"column":11},"end":{"line":821,"column":5}}],"line":810},"53":{"loc":{"start":{"line":836,"column":4},"end":{"line":840,"column":5}},"type":"if","locations":[{"start":{"line":836,"column":4},"end":{"line":840,"column":5}},{"start":{},"end":{}}],"line":836},"54":{"loc":{"start":{"line":843,"column":4},"end":{"line":856,"column":5}},"type":"if","locations":[{"start":{"line":843,"column":4},"end":{"line":856,"column":5}},{"start":{"line":847,"column":11},"end":{"line":856,"column":5}}],"line":843},"55":{"loc":{"start":{"line":847,"column":11},"end":{"line":856,"column":5}},"type":"if","locations":[{"start":{"line":847,"column":11},"end":{"line":856,"column":5}},{"start":{"line":851,"column":11},"end":{"line":856,"column":5}}],"line":847},"56":{"loc":{"start":{"line":873,"column":4},"end":{"line":877,"column":5}},"type":"if","locations":[{"start":{"line":873,"column":4},"end":{"line":877,"column":5}},{"start":{},"end":{}}],"line":873},"57":{"loc":{"start":{"line":880,"column":4},"end":{"line":896,"column":5}},"type":"if","locations":[{"start":{"line":880,"column":4},"end":{"line":896,"column":5}},{"start":{"line":884,"column":11},"end":{"line":896,"column":5}}],"line":880},"58":{"loc":{"start":{"line":884,"column":11},"end":{"line":896,"column":5}},"type":"if","locations":[{"start":{"line":884,"column":11},"end":{"line":896,"column":5}},{"start":{"line":888,"column":11},"end":{"line":896,"column":5}}],"line":884},"59":{"loc":{"start":{"line":901,"column":4},"end":{"line":945,"column":5}},"type":"if","locations":[{"start":{"line":901,"column":4},"end":{"line":945,"column":5}},{"start":{"line":930,"column":11},"end":{"line":945,"column":5}}],"line":901},"60":{"loc":{"start":{"line":909,"column":12},"end":{"line":911,"column":13}},"type":"if","locations":[{"start":{"line":909,"column":12},"end":{"line":911,"column":13}},{"start":{},"end":{}}],"line":909},"61":{"loc":{"start":{"line":913,"column":12},"end":{"line":915,"column":13}},"type":"if","locations":[{"start":{"line":913,"column":12},"end":{"line":915,"column":13}},{"start":{},"end":{}}],"line":913},"62":{"loc":{"start":{"line":950,"column":4},"end":{"line":994,"column":5}},"type":"if","locations":[{"start":{"line":950,"column":4},"end":{"line":994,"column":5}},{"start":{"line":979,"column":11},"end":{"line":994,"column":5}}],"line":950},"63":{"loc":{"start":{"line":958,"column":12},"end":{"line":960,"column":13}},"type":"if","locations":[{"start":{"line":958,"column":12},"end":{"line":960,"column":13}},{"start":{},"end":{}}],"line":958},"64":{"loc":{"start":{"line":962,"column":12},"end":{"line":964,"column":13}},"type":"if","locations":[{"start":{"line":962,"column":12},"end":{"line":964,"column":13}},{"start":{},"end":{}}],"line":962},"65":{"loc":{"start":{"line":1011,"column":4},"end":{"line":1015,"column":5}},"type":"if","locations":[{"start":{"line":1011,"column":4},"end":{"line":1015,"column":5}},{"start":{},"end":{}}],"line":1011},"66":{"loc":{"start":{"line":1023,"column":4},"end":{"line":1035,"column":5}},"type":"if","locations":[{"start":{"line":1023,"column":4},"end":{"line":1035,"column":5}},{"start":{"line":1027,"column":11},"end":{"line":1035,"column":5}}],"line":1023},"67":{"loc":{"start":{"line":1027,"column":11},"end":{"line":1035,"column":5}},"type":"if","locations":[{"start":{"line":1027,"column":11},"end":{"line":1035,"column":5}},{"start":{"line":1031,"column":11},"end":{"line":1035,"column":5}}],"line":1027},"68":{"loc":{"start":{"line":1031,"column":11},"end":{"line":1035,"column":5}},"type":"if","locations":[{"start":{"line":1031,"column":11},"end":{"line":1035,"column":5}},{"start":{},"end":{}}],"line":1031},"69":{"loc":{"start":{"line":1039,"column":4},"end":{"line":1041,"column":5}},"type":"if","locations":[{"start":{"line":1039,"column":4},"end":{"line":1041,"column":5}},{"start":{},"end":{}}],"line":1039},"70":{"loc":{"start":{"line":1063,"column":4},"end":{"line":1067,"column":5}},"type":"if","locations":[{"start":{"line":1063,"column":4},"end":{"line":1067,"column":5}},{"start":{},"end":{}}],"line":1063},"71":{"loc":{"start":{"line":1074,"column":4},"end":{"line":1090,"column":5}},"type":"if","locations":[{"start":{"line":1074,"column":4},"end":{"line":1090,"column":5}},{"start":{"line":1078,"column":11},"end":{"line":1090,"column":5}}],"line":1074},"72":{"loc":{"start":{"line":1078,"column":11},"end":{"line":1090,"column":5}},"type":"if","locations":[{"start":{"line":1078,"column":11},"end":{"line":1090,"column":5}},{"start":{"line":1082,"column":11},"end":{"line":1090,"column":5}}],"line":1078},"73":{"loc":{"start":{"line":1082,"column":11},"end":{"line":1090,"column":5}},"type":"if","locations":[{"start":{"line":1082,"column":11},"end":{"line":1090,"column":5}},{"start":{"line":1086,"column":11},"end":{"line":1090,"column":5}}],"line":1082},"74":{"loc":{"start":{"line":1086,"column":11},"end":{"line":1090,"column":5}},"type":"if","locations":[{"start":{"line":1086,"column":11},"end":{"line":1090,"column":5}},{"start":{},"end":{}}],"line":1086},"75":{"loc":{"start":{"line":1112,"column":4},"end":{"line":1116,"column":5}},"type":"if","locations":[{"start":{"line":1112,"column":4},"end":{"line":1116,"column":5}},{"start":{},"end":{}}],"line":1112},"76":{"loc":{"start":{"line":1120,"column":4},"end":{"line":1128,"column":5}},"type":"if","locations":[{"start":{"line":1120,"column":4},"end":{"line":1128,"column":5}},{"start":{"line":1124,"column":11},"end":{"line":1128,"column":5}}],"line":1120},"77":{"loc":{"start":{"line":1124,"column":11},"end":{"line":1128,"column":5}},"type":"if","locations":[{"start":{"line":1124,"column":11},"end":{"line":1128,"column":5}},{"start":{},"end":{}}],"line":1124},"78":{"loc":{"start":{"line":1137,"column":0},"end":{"line":1141,"column":1}},"type":"if","locations":[{"start":{"line":1137,"column":0},"end":{"line":1141,"column":1}},{"start":{},"end":{}}],"line":1137}},"s":{"0":34,"1":34,"2":34,"3":34,"4":34,"5":34,"6":73,"7":73,"8":16,"9":57,"10":57,"11":1,"12":56,"13":56,"14":34,"15":51,"16":51,"17":10,"18":41,"19":41,"20":3,"21":38,"22":38,"23":34,"24":3,"25":3,"26":3,"27":3,"28":1,"29":1,"30":2,"31":2,"32":1,"33":1,"34":1,"35":34,"36":5,"37":5,"38":5,"39":5,"40":1,"41":1,"42":4,"43":4,"44":1,"45":3,"46":1,"47":2,"48":1,"49":1,"50":1,"51":34,"52":5,"53":5,"54":5,"55":5,"56":3,"57":3,"58":2,"59":2,"60":1,"61":1,"62":34,"63":2,"64":2,"65":2,"66":2,"67":1,"68":1,"69":1,"70":1,"71":1,"72":34,"73":4,"74":4,"75":4,"76":4,"77":3,"78":3,"79":1,"80":1,"81":1,"82":34,"83":6,"84":6,"85":6,"86":6,"87":5,"88":5,"89":1,"90":1,"91":1,"92":34,"93":2,"94":2,"95":1,"96":1,"97":34,"98":2,"99":2,"100":1,"101":1,"102":34,"103":2,"104":2,"105":1,"106":1,"107":34,"108":2,"109":2,"110":1,"111":2,"112":1,"113":34,"114":2,"115":2,"116":1,"117":2,"118":1,"119":34,"120":2,"121":2,"122":1,"123":2,"124":1,"125":34,"126":4,"127":4,"128":4,"129":4,"130":1,"131":1,"132":3,"133":3,"134":1,"135":2,"136":2,"137":1,"138":2,"139":1,"140":34,"141":4,"142":4,"143":4,"144":4,"145":1,"146":1,"147":3,"148":3,"149":2,"150":1,"151":1,"152":34,"153":5,"154":5,"155":5,"156":5,"157":3,"158":3,"159":2,"160":2,"161":1,"162":1,"163":34,"164":5,"165":5,"166":5,"167":5,"168":1,"169":1,"170":4,"171":4,"172":1,"173":3,"174":1,"175":2,"176":1,"177":1,"178":1,"179":34,"180":4,"181":4,"182":4,"183":4,"184":1,"185":1,"186":3,"187":3,"188":1,"189":2,"190":1,"191":1,"192":1,"193":34,"194":2,"195":1,"196":1,"197":1,"198":34,"199":3,"200":3,"201":3,"202":3,"203":1,"204":1,"205":2,"206":2,"207":1,"208":1,"209":1,"210":34,"211":2,"212":2,"213":1,"214":1,"215":34,"216":2,"217":2,"218":1,"219":2,"220":2,"221":2,"222":1,"223":1,"224":34,"225":5,"226":5,"227":5,"228":5,"229":1,"230":1,"231":4,"232":4,"233":1,"234":3,"235":1,"236":2,"237":1,"238":1,"239":1,"240":34,"241":2,"242":2,"243":1,"244":1,"245":1,"246":1,"247":1,"248":34,"249":2,"250":2,"251":1,"252":1,"253":1,"254":1,"255":1,"256":34,"257":5,"258":5,"259":5,"260":5,"261":1,"262":1,"263":4,"264":4,"265":1,"266":3,"267":1,"268":2,"269":1,"270":1,"271":1,"272":1,"273":34,"274":4,"275":4,"276":4,"277":4,"278":1,"279":1,"280":3,"281":3,"282":1,"283":2,"284":1,"285":1,"286":1,"287":34,"288":4,"289":4,"290":4,"291":4,"292":1,"293":1,"294":3,"295":3,"296":1,"297":2,"298":1,"299":1,"300":1,"301":34,"302":2,"303":2,"304":1,"305":1,"306":1,"307":1,"308":1,"309":1,"310":1,"311":1,"312":0,"313":1,"314":1,"315":0,"316":1,"317":1,"318":1,"319":34,"320":2,"321":2,"322":1,"323":1,"324":1,"325":1,"326":1,"327":1,"328":1,"329":1,"330":1,"331":1,"332":1,"333":1,"334":1,"335":1,"336":1,"337":34,"338":5,"339":5,"340":5,"341":5,"342":1,"343":1,"344":4,"345":4,"346":1,"347":3,"348":1,"349":2,"350":1,"351":1,"352":1,"353":1,"354":1,"355":1,"356":34,"357":6,"358":6,"359":6,"360":6,"361":1,"362":1,"363":5,"364":5,"365":1,"366":4,"367":1,"368":3,"369":1,"370":2,"371":1,"372":1,"373":1,"374":34,"375":4,"376":4,"377":4,"378":4,"379":1,"380":1,"381":3,"382":3,"383":1,"384":2,"385":1,"386":1,"387":1,"388":34,"389":34,"390":0,"391":0},"f":{"0":73,"1":51,"2":3,"3":1,"4":5,"5":1,"6":5,"7":3,"8":2,"9":1,"10":4,"11":3,"12":6,"13":5,"14":2,"15":2,"16":2,"17":2,"18":2,"19":2,"20":2,"21":2,"22":2,"23":4,"24":1,"25":2,"26":4,"27":1,"28":5,"29":3,"30":5,"31":1,"32":4,"33":1,"34":2,"35":3,"36":1,"37":2,"38":2,"39":2,"40":5,"41":1,"42":2,"43":1,"44":2,"45":1,"46":5,"47":1,"48":4,"49":1,"50":4,"51":1,"52":2,"53":1,"54":2,"55":1,"56":5,"57":1,"58":6,"59":1,"60":4,"61":1,"62":0},"b":{"0":[16,57],"1":[1,56],"2":[57,1],"3":[10,41],"4":[3,38],"5":[1,2],"6":[1,1],"7":[2,1],"8":[1,4],"9":[1,3],"10":[1,2],"11":[1,1],"12":[3,2],"13":[1,1],"14":[1,1],"15":[3,1],"16":[5,1],"17":[1,1],"18":[1,1],"19":[1,1],"20":[1,1],"21":[1,1],"22":[1,1],"23":[1,3],"24":[1,2],"25":[1,1],"26":[1,3],"27":[2,1],"28":[3,2],"29":[3,2],"30":[1,1],"31":[1,4],"32":[1,3],"33":[1,2],"34":[1,1],"35":[1,3],"36":[1,2],"37":[1,1],"38":[1,1],"39":[1,2],"40":[1,1],"41":[1,1],"42":[1,1],"43":[1,4],"44":[1,3],"45":[1,2],"46":[1,1],"47":[1,1],"48":[1,1],"49":[1,4],"50":[1,3],"51":[1,2],"52":[1,1],"53":[1,3],"54":[1,2],"55":[1,1],"56":[1,3],"57":[1,2],"58":[1,1],"59":[1,1],"60":[0,1],"61":[0,1],"62":[1,1],"63":[1,0],"64":[1,0],"65":[1,4],"66":[1,3],"67":[1,2],"68":[1,1],"69":[1,0],"70":[1,5],"71":[1,4],"72":[1,3],"73":[1,2],"74":[1,1],"75":[1,3],"76":[1,2],"77":[1,1],"78":[0,34]},"_coverageSchema":"1a1c01bbd47fc00a2c39e90264f33305004495a9","hash":"8ec540390b94112a2db1faa5989e37a0db7d0e18"}
,"/Users/borisstroganov/Documents/GitHub/accessible-health-dashboard/server/src/models/assignment.ts": {"path":"/Users/borisstroganov/Documents/GitHub/accessible-health-dashboard/server/src/models/assignment.ts","statementMap":{"0":{"start":{"line":6,"column":4},"end":{"line":9,"column":87}},"1":{"start":{"line":13,"column":30},"end":{"line":17,"column":19}},"2":{"start":{"line":18,"column":4},"end":{"line":18,"column":29}},"3":{"start":{"line":22,"column":35},"end":{"line":26,"column":24}},"4":{"start":{"line":27,"column":4},"end":{"line":27,"column":34}},"5":{"start":{"line":31,"column":24},"end":{"line":35,"column":22}},"6":{"start":{"line":36,"column":4},"end":{"line":36,"column":42}},"7":{"start":{"line":40,"column":24},"end":{"line":44,"column":22}},"8":{"start":{"line":45,"column":4},"end":{"line":45,"column":41}},"9":{"start":{"line":49,"column":24},"end":{"line":53,"column":22}},"10":{"start":{"line":54,"column":4},"end":{"line":54,"column":36}},"11":{"start":{"line":58,"column":24},"end":{"line":62,"column":22}},"12":{"start":{"line":63,"column":4},"end":{"line":63,"column":41}},"13":{"start":{"line":67,"column":24},"end":{"line":71,"column":22}},"14":{"start":{"line":72,"column":4},"end":{"line":72,"column":33}},"15":{"start":{"line":76,"column":23},"end":{"line":80,"column":22}},"16":{"start":{"line":81,"column":4},"end":{"line":81,"column":33}},"17":{"start":{"line":85,"column":4},"end":{"line":89,"column":46}},"18":{"start":{"line":93,"column":21},"end":{"line":97,"column":22}},"19":{"start":{"line":98,"column":4},"end":{"line":98,"column":32}},"20":{"start":{"line":102,"column":21},"end":{"line":106,"column":22}},"21":{"start":{"line":107,"column":4},"end":{"line":107,"column":36}},"22":{"start":{"line":111,"column":4},"end":{"line":115,"column":49}},"23":{"start":{"line":119,"column":4},"end":{"line":122,"column":23}}},"fnMap":{"0":{"name":"createAssignment","decl":{"start":{"line":5,"column":16},"end":{"line":5,"column":32}},"loc":{"start":{"line":5,"column":131},"end":{"line":10,"column":1}},"line":5},"1":{"name":"getUserAssignments","decl":{"start":{"line":12,"column":16},"end":{"line":12,"column":34}},"loc":{"start":{"line":12,"column":94},"end":{"line":19,"column":1}},"line":12},"2":{"name":"getTherapistAssignments","decl":{"start":{"line":21,"column":16},"end":{"line":21,"column":39}},"loc":{"start":{"line":21,"column":104},"end":{"line":28,"column":1}},"line":21},"3":{"name":"getAssignmentTitle","decl":{"start":{"line":30,"column":16},"end":{"line":30,"column":34}},"loc":{"start":{"line":30,"column":65},"end":{"line":37,"column":1}},"line":30},"4":{"name":"getAssignmentText","decl":{"start":{"line":39,"column":16},"end":{"line":39,"column":33}},"loc":{"start":{"line":39,"column":64},"end":{"line":46,"column":1}},"line":39},"5":{"name":"getAssignmentUserEmail","decl":{"start":{"line":48,"column":16},"end":{"line":48,"column":38}},"loc":{"start":{"line":48,"column":69},"end":{"line":55,"column":1}},"line":48},"6":{"name":"getAssignmentTherapistEmail","decl":{"start":{"line":57,"column":16},"end":{"line":57,"column":43}},"loc":{"start":{"line":57,"column":74},"end":{"line":64,"column":1}},"line":57},"7":{"name":"getAssignmentStatus","decl":{"start":{"line":66,"column":16},"end":{"line":66,"column":35}},"loc":{"start":{"line":66,"column":66},"end":{"line":73,"column":1}},"line":66},"8":{"name":"checkAssignment","decl":{"start":{"line":75,"column":16},"end":{"line":75,"column":31}},"loc":{"start":{"line":75,"column":63},"end":{"line":82,"column":1}},"line":75},"9":{"name":"setAssignmentSpeech","decl":{"start":{"line":84,"column":16},"end":{"line":84,"column":35}},"loc":{"start":{"line":84,"column":82},"end":{"line":90,"column":1}},"line":84},"10":{"name":"getAssignmentSpeechId","decl":{"start":{"line":92,"column":16},"end":{"line":92,"column":37}},"loc":{"start":{"line":92,"column":68},"end":{"line":99,"column":1}},"line":92},"11":{"name":"getAssignmentFeedback","decl":{"start":{"line":101,"column":16},"end":{"line":101,"column":37}},"loc":{"start":{"line":101,"column":68},"end":{"line":108,"column":1}},"line":101},"12":{"name":"setAssignmentFeedback","decl":{"start":{"line":110,"column":16},"end":{"line":110,"column":37}},"loc":{"start":{"line":110,"column":88},"end":{"line":116,"column":1}},"line":110},"13":{"name":"deleteAssignment","decl":{"start":{"line":118,"column":16},"end":{"line":118,"column":32}},"loc":{"start":{"line":118,"column":61},"end":{"line":123,"column":1}},"line":118}},"branchMap":{},"s":{"0":0,"1":0,"2":0,"3":0,"4":0,"5":0,"6":0,"7":0,"8":0,"9":0,"10":0,"11":0,"12":0,"13":0,"14":0,"15":0,"16":0,"17":0,"18":0,"19":0,"20":0,"21":0,"22":0,"23":0},"f":{"0":0,"1":0,"2":0,"3":0,"4":0,"5":0,"6":0,"7":0,"8":0,"9":0,"10":0,"11":0,"12":0,"13":0},"b":{},"_coverageSchema":"1a1c01bbd47fc00a2c39e90264f33305004495a9","hash":"174f0cdf346c0a0dcbf35c1ac1b3e15ce9d14f5f"}
,"/Users/borisstroganov/Documents/GitHub/accessible-health-dashboard/server/src/models/bloodPressure.ts": {"path":"/Users/borisstroganov/Documents/GitHub/accessible-health-dashboard/server/src/models/bloodPressure.ts","statementMap":{"0":{"start":{"line":6,"column":22},"end":{"line":6,"column":46}},"1":{"start":{"line":7,"column":4},"end":{"line":10,"column":76}},"2":{"start":{"line":11,"column":4},"end":{"line":11,"column":23}},"3":{"start":{"line":15,"column":16},"end":{"line":21,"column":15}},"4":{"start":{"line":22,"column":4},"end":{"line":22,"column":18}},"5":{"start":{"line":26,"column":16},"end":{"line":36,"column":15}},"6":{"start":{"line":37,"column":4},"end":{"line":37,"column":15}}},"fnMap":{"0":{"name":"captureBp","decl":{"start":{"line":5,"column":16},"end":{"line":5,"column":25}},"loc":{"start":{"line":5,"column":102},"end":{"line":12,"column":1}},"line":5},"1":{"name":"retrieveBp","decl":{"start":{"line":14,"column":16},"end":{"line":14,"column":26}},"loc":{"start":{"line":14,"column":125},"end":{"line":23,"column":1}},"line":14},"2":{"name":"retrieveAllBp","decl":{"start":{"line":25,"column":16},"end":{"line":25,"column":29}},"loc":{"start":{"line":25,"column":130},"end":{"line":38,"column":1}},"line":25}},"branchMap":{},"s":{"0":0,"1":0,"2":0,"3":0,"4":0,"5":0,"6":0},"f":{"0":0,"1":0,"2":0},"b":{},"_coverageSchema":"1a1c01bbd47fc00a2c39e90264f33305004495a9","hash":"0dd9c87e165fb1604c0f0226d7f8863f04c3709a"}
,"/Users/borisstroganov/Documents/GitHub/accessible-health-dashboard/server/src/models/heartRate.ts": {"path":"/Users/borisstroganov/Documents/GitHub/accessible-health-dashboard/server/src/models/heartRate.ts","statementMap":{"0":{"start":{"line":6,"column":22},"end":{"line":6,"column":46}},"1":{"start":{"line":7,"column":4},"end":{"line":10,"column":43}},"2":{"start":{"line":11,"column":4},"end":{"line":11,"column":23}},"3":{"start":{"line":15,"column":16},"end":{"line":21,"column":15}},"4":{"start":{"line":22,"column":4},"end":{"line":22,"column":18}},"5":{"start":{"line":26,"column":16},"end":{"line":36,"column":15}},"6":{"start":{"line":37,"column":4},"end":{"line":37,"column":15}}},"fnMap":{"0":{"name":"captureHr","decl":{"start":{"line":5,"column":16},"end":{"line":5,"column":25}},"loc":{"start":{"line":5,"column":61},"end":{"line":12,"column":1}},"line":5},"1":{"name":"retrieveHr","decl":{"start":{"line":14,"column":16},"end":{"line":14,"column":26}},"loc":{"start":{"line":14,"column":84},"end":{"line":23,"column":1}},"line":14},"2":{"name":"retrieveAllHr","decl":{"start":{"line":25,"column":16},"end":{"line":25,"column":29}},"loc":{"start":{"line":25,"column":89},"end":{"line":38,"column":1}},"line":25}},"branchMap":{},"s":{"0":0,"1":0,"2":0,"3":0,"4":0,"5":0,"6":0},"f":{"0":0,"1":0,"2":0},"b":{},"_coverageSchema":"1a1c01bbd47fc00a2c39e90264f33305004495a9","hash":"bc676b11d64236ed4a537dcef9487de96d58dcdf"}
,"/Users/borisstroganov/Documents/GitHub/accessible-health-dashboard/server/src/models/invitation.ts": {"path":"/Users/borisstroganov/Documents/GitHub/accessible-health-dashboard/server/src/models/invitation.ts","statementMap":{"0":{"start":{"line":4,"column":4},"end":{"line":7,"column":36}},"1":{"start":{"line":11,"column":28},"end":{"line":15,"column":19}},"2":{"start":{"line":16,"column":4},"end":{"line":16,"column":27}},"3":{"start":{"line":20,"column":33},"end":{"line":24,"column":24}},"4":{"start":{"line":25,"column":4},"end":{"line":25,"column":32}},"5":{"start":{"line":29,"column":24},"end":{"line":33,"column":35}},"6":{"start":{"line":34,"column":4},"end":{"line":34,"column":34}},"7":{"start":{"line":38,"column":4},"end":{"line":41,"column":36}}},"fnMap":{"0":{"name":"createInvitation","decl":{"start":{"line":3,"column":16},"end":{"line":3,"column":32}},"loc":{"start":{"line":3,"column":82},"end":{"line":8,"column":1}},"line":3},"1":{"name":"getUserInvitations","decl":{"start":{"line":10,"column":16},"end":{"line":10,"column":34}},"loc":{"start":{"line":10,"column":96},"end":{"line":17,"column":1}},"line":10},"2":{"name":"getTherapistInvitations","decl":{"start":{"line":19,"column":16},"end":{"line":19,"column":39}},"loc":{"start":{"line":19,"column":101},"end":{"line":26,"column":1}},"line":19},"3":{"name":"checkInvitation","decl":{"start":{"line":28,"column":16},"end":{"line":28,"column":31}},"loc":{"start":{"line":28,"column":84},"end":{"line":35,"column":1}},"line":28},"4":{"name":"deleteInvitation","decl":{"start":{"line":37,"column":16},"end":{"line":37,"column":32}},"loc":{"start":{"line":37,"column":82},"end":{"line":42,"column":1}},"line":37}},"branchMap":{},"s":{"0":0,"1":0,"2":0,"3":0,"4":0,"5":0,"6":0,"7":0},"f":{"0":0,"1":0,"2":0,"3":0,"4":0},"b":{},"_coverageSchema":"1a1c01bbd47fc00a2c39e90264f33305004495a9","hash":"8a2ecca3ca460f94fba46824dfe9f33e15f11aff"}
,"/Users/borisstroganov/Documents/GitHub/accessible-health-dashboard/server/src/models/speechRate.ts": {"path":"/Users/borisstroganov/Documents/GitHub/accessible-health-dashboard/server/src/models/speechRate.ts","statementMap":{"0":{"start":{"line":6,"column":22},"end":{"line":6,"column":46}},"1":{"start":{"line":7,"column":4},"end":{"line":10,"column":54}},"2":{"start":{"line":11,"column":4},"end":{"line":11,"column":23}},"3":{"start":{"line":15,"column":21},"end":{"line":21,"column":15}},"4":{"start":{"line":22,"column":4},"end":{"line":22,"column":23}},"5":{"start":{"line":26,"column":19},"end":{"line":30,"column":18}},"6":{"start":{"line":31,"column":4},"end":{"line":31,"column":21}},"7":{"start":{"line":35,"column":16},"end":{"line":45,"column":15}},"8":{"start":{"line":46,"column":4},"end":{"line":46,"column":15}}},"fnMap":{"0":{"name":"captureSpeech","decl":{"start":{"line":5,"column":16},"end":{"line":5,"column":29}},"loc":{"start":{"line":5,"column":84},"end":{"line":12,"column":1}},"line":5},"1":{"name":"retrieveSpeech","decl":{"start":{"line":14,"column":16},"end":{"line":14,"column":30}},"loc":{"start":{"line":14,"column":125},"end":{"line":23,"column":1}},"line":14},"2":{"name":"retrieveSpeechById","decl":{"start":{"line":25,"column":16},"end":{"line":25,"column":34}},"loc":{"start":{"line":25,"column":100},"end":{"line":32,"column":1}},"line":25},"3":{"name":"retrieveAllSpeech","decl":{"start":{"line":34,"column":16},"end":{"line":34,"column":33}},"loc":{"start":{"line":34,"column":112},"end":{"line":47,"column":1}},"line":34}},"branchMap":{},"s":{"0":0,"1":0,"2":0,"3":0,"4":0,"5":0,"6":0,"7":0,"8":0},"f":{"0":0,"1":0,"2":0,"3":0},"b":{},"_coverageSchema":"1a1c01bbd47fc00a2c39e90264f33305004495a9","hash":"ba2e4a57a9fb83fd6b077aba3cdb64ce05a19ca6"}
,"/Users/borisstroganov/Documents/GitHub/accessible-health-dashboard/server/src/models/therapist.ts": {"path":"/Users/borisstroganov/Documents/GitHub/accessible-health-dashboard/server/src/models/therapist.ts","statementMap":{"0":{"start":{"line":8,"column":4},"end":{"line":8,"column":65}},"1":{"start":{"line":12,"column":4},"end":{"line":15,"column":48}},"2":{"start":{"line":19,"column":17},"end":{"line":23,"column":31}},"3":{"start":{"line":25,"column":4},"end":{"line":25,"column":27}},"4":{"start":{"line":29,"column":22},"end":{"line":33,"column":15}},"5":{"start":{"line":35,"column":4},"end":{"line":35,"column":32}},"6":{"start":{"line":39,"column":4},"end":{"line":43,"column":32}},"7":{"start":{"line":47,"column":22},"end":{"line":51,"column":15}},"8":{"start":{"line":53,"column":4},"end":{"line":53,"column":29}}},"fnMap":{"0":{"name":"hash","decl":{"start":{"line":7,"column":9},"end":{"line":7,"column":13}},"loc":{"start":{"line":7,"column":35},"end":{"line":9,"column":1}},"line":7},"1":{"name":"createTherapist","decl":{"start":{"line":11,"column":16},"end":{"line":11,"column":31}},"loc":{"start":{"line":11,"column":85},"end":{"line":16,"column":1}},"line":11},"2":{"name":"loginTherapist","decl":{"start":{"line":18,"column":16},"end":{"line":18,"column":30}},"loc":{"start":{"line":18,"column":73},"end":{"line":26,"column":1}},"line":18},"3":{"name":"checkTherapistExists","decl":{"start":{"line":28,"column":16},"end":{"line":28,"column":36}},"loc":{"start":{"line":28,"column":61},"end":{"line":36,"column":1}},"line":28},"4":{"name":"changeTherapistPassword","decl":{"start":{"line":38,"column":16},"end":{"line":38,"column":39}},"loc":{"start":{"line":38,"column":79},"end":{"line":44,"column":1}},"line":38},"5":{"name":"getTherapistName","decl":{"start":{"line":46,"column":16},"end":{"line":46,"column":32}},"loc":{"start":{"line":46,"column":56},"end":{"line":54,"column":1}},"line":46}},"branchMap":{},"s":{"0":3,"1":0,"2":3,"3":3,"4":0,"5":0,"6":0,"7":0,"8":0},"f":{"0":3,"1":0,"2":3,"3":0,"4":0,"5":0},"b":{},"_coverageSchema":"1a1c01bbd47fc00a2c39e90264f33305004495a9","hash":"95968056cceb64842ab96d20d83c56e8544ece6d"}
,"/Users/borisstroganov/Documents/GitHub/accessible-health-dashboard/server/src/models/user.ts": {"path":"/Users/borisstroganov/Documents/GitHub/accessible-health-dashboard/server/src/models/user.ts","statementMap":{"0":{"start":{"line":8,"column":4},"end":{"line":8,"column":65}},"1":{"start":{"line":12,"column":4},"end":{"line":15,"column":48}},"2":{"start":{"line":19,"column":17},"end":{"line":23,"column":31}},"3":{"start":{"line":25,"column":4},"end":{"line":25,"column":27}},"4":{"start":{"line":29,"column":17},"end":{"line":33,"column":15}},"5":{"start":{"line":35,"column":4},"end":{"line":35,"column":27}},"6":{"start":{"line":39,"column":4},"end":{"line":43,"column":32}},"7":{"start":{"line":47,"column":17},"end":{"line":51,"column":15}},"8":{"start":{"line":53,"column":4},"end":{"line":53,"column":24}},"9":{"start":{"line":57,"column":4},"end":{"line":61,"column":32}},"10":{"start":{"line":65,"column":4},"end":{"line":69,"column":16}},"11":{"start":{"line":73,"column":17},"end":{"line":77,"column":15}},"12":{"start":{"line":79,"column":4},"end":{"line":79,"column":34}},"13":{"start":{"line":83,"column":18},"end":{"line":87,"column":24}},"14":{"start":{"line":88,"column":4},"end":{"line":88,"column":17}}},"fnMap":{"0":{"name":"hash","decl":{"start":{"line":7,"column":9},"end":{"line":7,"column":13}},"loc":{"start":{"line":7,"column":35},"end":{"line":9,"column":1}},"line":7},"1":{"name":"createUser","decl":{"start":{"line":11,"column":16},"end":{"line":11,"column":26}},"loc":{"start":{"line":11,"column":80},"end":{"line":16,"column":1}},"line":11},"2":{"name":"loginUser","decl":{"start":{"line":18,"column":16},"end":{"line":18,"column":25}},"loc":{"start":{"line":18,"column":68},"end":{"line":26,"column":1}},"line":18},"3":{"name":"checkUserExists","decl":{"start":{"line":28,"column":16},"end":{"line":28,"column":31}},"loc":{"start":{"line":28,"column":56},"end":{"line":36,"column":1}},"line":28},"4":{"name":"changeUserPassword","decl":{"start":{"line":38,"column":16},"end":{"line":38,"column":34}},"loc":{"start":{"line":38,"column":74},"end":{"line":44,"column":1}},"line":38},"5":{"name":"getUserName","decl":{"start":{"line":46,"column":16},"end":{"line":46,"column":27}},"loc":{"start":{"line":46,"column":51},"end":{"line":54,"column":1}},"line":46},"6":{"name":"addTherapist","decl":{"start":{"line":56,"column":16},"end":{"line":56,"column":28}},"loc":{"start":{"line":56,"column":74},"end":{"line":62,"column":1}},"line":56},"7":{"name":"removeTherapist","decl":{"start":{"line":64,"column":16},"end":{"line":64,"column":31}},"loc":{"start":{"line":64,"column":53},"end":{"line":70,"column":1}},"line":64},"8":{"name":"getUserTherapistEmail","decl":{"start":{"line":72,"column":16},"end":{"line":72,"column":37}},"loc":{"start":{"line":72,"column":73},"end":{"line":80,"column":1}},"line":72},"9":{"name":"getTherapistUsers","decl":{"start":{"line":82,"column":16},"end":{"line":82,"column":33}},"loc":{"start":{"line":82,"column":91},"end":{"line":89,"column":1}},"line":82}},"branchMap":{},"s":{"0":3,"1":0,"2":3,"3":3,"4":0,"5":0,"6":0,"7":0,"8":0,"9":0,"10":0,"11":0,"12":0,"13":0,"14":0},"f":{"0":3,"1":0,"2":3,"3":0,"4":0,"5":0,"6":0,"7":0,"8":0,"9":0},"b":{},"_coverageSchema":"1a1c01bbd47fc00a2c39e90264f33305004495a9","hash":"dcbec89b917d3fcb7c1cd9315d857269bc557b98"}
}
