TN:
SF:src/db.ts
FN:8,query
FN:11,exec
FN:15,createTables
FNF:3
FNH:2
FNDA:6,query
FNDA:0,exec
FNDA:34,createTables
DA:5,34
DA:6,34
DA:9,6
DA:12,0
DA:16,34
DA:20,34
LF:6
LH:5
BRF:0
BRH:0
end_of_record
TN:
SF:src/index.ts
FN:45,(anonymous_0)
FN:66,(anonymous_1)
FN:87,(anonymous_2)
FN:104,(anonymous_3)
FN:123,(anonymous_4)
FN:139,(anonymous_5)
FN:165,(anonymous_6)
FN:180,(anonymous_7)
FN:201,(anonymous_8)
FN:215,(anonymous_9)
FN:230,(anonymous_10)
FN:245,(anonymous_11)
FN:262,(anonymous_12)
FN:277,(anonymous_13)
FN:294,(anonymous_14)
FN:307,(anonymous_15)
FN:319,(anonymous_16)
FN:332,(anonymous_17)
FN:336,(anonymous_18)
FN:355,(anonymous_19)
FN:359,(anonymous_20)
FN:380,(anonymous_21)
FN:384,(anonymous_22)
FN:405,(anonymous_23)
FN:419,(anonymous_24)
FN:433,(anonymous_25)
FN:456,(anonymous_26)
FN:473,(anonymous_27)
FN:492,(anonymous_28)
FN:507,(anonymous_29)
FN:528,(anonymous_30)
FN:544,(anonymous_31)
FN:570,(anonymous_32)
FN:584,(anonymous_33)
FN:607,(anonymous_34)
FN:620,(anonymous_35)
FN:634,(anonymous_36)
FN:653,(anonymous_37)
FN:668,(anonymous_38)
FN:671,(anonymous_39)
FN:697,(anonymous_40)
FN:711,(anonymous_41)
FN:737,(anonymous_42)
FN:740,(anonymous_43)
FN:760,(anonymous_44)
FN:763,(anonymous_45)
FN:783,(anonymous_46)
FN:797,(anonymous_47)
FN:824,(anonymous_48)
FN:838,(anonymous_49)
FN:859,(anonymous_50)
FN:875,(anonymous_51)
FN:899,(anonymous_52)
FN:902,(anonymous_53)
FN:948,(anonymous_54)
FN:951,(anonymous_55)
FN:997,(anonymous_56)
FN:1013,(anonymous_57)
FN:1050,(anonymous_58)
FN:1065,(anonymous_59)
FN:1100,(anonymous_60)
FN:1114,(anonymous_61)
FN:1138,(anonymous_62)
FNF:63
FNH:62
FNDA:73,(anonymous_0)
FNDA:51,(anonymous_1)
FNDA:3,(anonymous_2)
FNDA:1,(anonymous_3)
FNDA:5,(anonymous_4)
FNDA:1,(anonymous_5)
FNDA:5,(anonymous_6)
FNDA:3,(anonymous_7)
FNDA:2,(anonymous_8)
FNDA:1,(anonymous_9)
FNDA:4,(anonymous_10)
FNDA:3,(anonymous_11)
FNDA:6,(anonymous_12)
FNDA:5,(anonymous_13)
FNDA:2,(anonymous_14)
FNDA:2,(anonymous_15)
FNDA:2,(anonymous_16)
FNDA:2,(anonymous_17)
FNDA:2,(anonymous_18)
FNDA:2,(anonymous_19)
FNDA:2,(anonymous_20)
FNDA:2,(anonymous_21)
FNDA:2,(anonymous_22)
FNDA:4,(anonymous_23)
FNDA:1,(anonymous_24)
FNDA:2,(anonymous_25)
FNDA:4,(anonymous_26)
FNDA:1,(anonymous_27)
FNDA:5,(anonymous_28)
FNDA:3,(anonymous_29)
FNDA:5,(anonymous_30)
FNDA:1,(anonymous_31)
FNDA:4,(anonymous_32)
FNDA:1,(anonymous_33)
FNDA:2,(anonymous_34)
FNDA:3,(anonymous_35)
FNDA:1,(anonymous_36)
FNDA:2,(anonymous_37)
FNDA:2,(anonymous_38)
FNDA:2,(anonymous_39)
FNDA:5,(anonymous_40)
FNDA:1,(anonymous_41)
FNDA:2,(anonymous_42)
FNDA:1,(anonymous_43)
FNDA:2,(anonymous_44)
FNDA:1,(anonymous_45)
FNDA:5,(anonymous_46)
FNDA:1,(anonymous_47)
FNDA:4,(anonymous_48)
FNDA:1,(anonymous_49)
FNDA:4,(anonymous_50)
FNDA:1,(anonymous_51)
FNDA:2,(anonymous_52)
FNDA:1,(anonymous_53)
FNDA:2,(anonymous_54)
FNDA:1,(anonymous_55)
FNDA:5,(anonymous_56)
FNDA:1,(anonymous_57)
FNDA:6,(anonymous_58)
FNDA:1,(anonymous_59)
FNDA:4,(anonymous_60)
FNDA:1,(anonymous_61)
FNDA:0,(anonymous_62)
DA:30,34
DA:31,34
DA:33,34
DA:34,34
DA:35,34
DA:45,34
DA:46,73
DA:47,73
DA:48,16
DA:53,57
DA:54,57
DA:55,1
DA:60,56
DA:63,56
DA:66,34
DA:67,51
DA:68,51
DA:69,10
DA:74,41
DA:75,41
DA:76,3
DA:81,38
DA:84,38
DA:87,34
DA:88,3
DA:99,3
DA:101,3
DA:102,3
DA:103,1
DA:104,1
DA:108,2
DA:110,2
DA:111,1
DA:116,1
DA:117,1
DA:123,34
DA:124,5
DA:135,5
DA:136,5
DA:137,5
DA:138,1
DA:139,1
DA:143,4
DA:145,4
DA:146,1
DA:149,3
DA:150,1
DA:153,2
DA:154,1
DA:158,1
DA:159,1
DA:165,34
DA:166,5
DA:176,5
DA:177,5
DA:178,5
DA:179,3
DA:180,3
DA:187,2
DA:188,2
DA:190,1
DA:195,1
DA:201,34
DA:202,2
DA:211,2
DA:212,2
DA:213,2
DA:214,1
DA:215,1
DA:221,1
DA:222,1
DA:223,1
DA:230,34
DA:231,4
DA:241,4
DA:242,4
DA:243,4
DA:244,3
DA:245,3
DA:252,1
DA:253,1
DA:254,1
DA:262,34
DA:263,6
DA:273,6
DA:274,6
DA:275,6
DA:276,5
DA:277,5
DA:284,1
DA:285,1
DA:286,1
DA:294,34
DA:295,2
DA:296,2
DA:297,1
DA:299,1
DA:307,34
DA:308,2
DA:309,2
DA:310,1
DA:312,1
DA:319,34
DA:320,2
DA:321,2
DA:322,1
DA:324,1
DA:332,34
DA:333,2
DA:334,2
DA:335,1
DA:336,2
DA:344,1
DA:355,34
DA:356,2
DA:357,2
DA:358,1
DA:359,2
DA:368,1
DA:380,34
DA:381,2
DA:382,2
DA:383,1
DA:384,2
DA:393,1
DA:405,34
DA:406,4
DA:415,4
DA:416,4
DA:417,4
DA:418,1
DA:419,1
DA:423,3
DA:425,3
DA:426,1
DA:430,2
DA:431,2
DA:432,1
DA:433,2
DA:442,1
DA:456,34
DA:457,4
DA:468,4
DA:470,4
DA:471,4
DA:472,1
DA:473,1
DA:477,3
DA:479,3
DA:480,2
DA:485,1
DA:486,1
DA:492,34
DA:493,5
DA:503,5
DA:504,5
DA:505,5
DA:506,3
DA:507,3
DA:514,2
DA:515,2
DA:517,1
DA:522,1
DA:528,34
DA:529,5
DA:540,5
DA:541,5
DA:542,5
DA:543,1
DA:544,1
DA:548,4
DA:550,4
DA:551,1
DA:554,3
DA:555,1
DA:558,2
DA:559,1
DA:563,1
DA:564,1
DA:570,34
DA:571,4
DA:580,4
DA:581,4
DA:582,4
DA:583,1
DA:584,1
DA:588,3
DA:590,3
DA:591,1
DA:594,2
DA:595,1
DA:599,1
DA:600,1
DA:607,34
DA:608,2
DA:609,1
DA:613,1
DA:614,1
DA:620,34
DA:621,3
DA:630,3
DA:631,3
DA:632,3
DA:633,1
DA:634,1
DA:638,2
DA:640,2
DA:641,1
DA:645,1
DA:646,1
DA:653,34
DA:654,2
DA:655,2
DA:656,1
DA:661,1
DA:668,34
DA:669,2
DA:670,2
DA:671,1
DA:672,2
DA:673,2
DA:674,2
DA:680,1
DA:684,1
DA:697,34
DA:698,5
DA:707,5
DA:708,5
DA:709,5
DA:710,1
DA:711,1
DA:715,4
DA:716,4
DA:717,1
DA:720,3
DA:721,1
DA:724,2
DA:725,1
DA:729,1
DA:730,1
DA:737,34
DA:738,2
DA:739,2
DA:740,1
DA:741,1
DA:742,1
DA:745,1
DA:747,1
DA:760,34
DA:761,2
DA:762,2
DA:763,1
DA:764,1
DA:765,1
DA:768,1
DA:770,1
DA:783,34
DA:784,5
DA:793,5
DA:794,5
DA:795,5
DA:796,1
DA:797,1
DA:801,4
DA:802,4
DA:803,1
DA:806,3
DA:807,1
DA:810,2
DA:811,1
DA:815,1
DA:816,1
DA:817,1
DA:824,34
DA:825,4
DA:834,4
DA:835,4
DA:836,4
DA:837,1
DA:838,1
DA:842,3
DA:843,3
DA:844,1
DA:847,2
DA:848,1
DA:852,1
DA:853,1
DA:859,34
DA:860,4
DA:871,4
DA:872,4
DA:873,4
DA:874,1
DA:875,1
DA:879,3
DA:880,3
DA:881,1
DA:884,2
DA:885,1
DA:889,1
DA:890,1
DA:899,34
DA:900,2
DA:901,2
DA:902,1
DA:903,1
DA:904,1
DA:905,1
DA:906,1
DA:907,1
DA:908,1
DA:909,1
DA:910,0
DA:912,1
DA:913,1
DA:914,0
DA:916,1
DA:929,1
DA:931,1
DA:948,34
DA:949,2
DA:950,2
DA:951,1
DA:952,1
DA:953,1
DA:954,1
DA:955,1
DA:956,1
DA:957,1
DA:958,1
DA:959,1
DA:961,1
DA:962,1
DA:963,1
DA:965,1
DA:978,1
DA:980,1
DA:997,34
DA:998,5
DA:1009,5
DA:1010,5
DA:1011,5
DA:1012,1
DA:1013,1
DA:1021,4
DA:1023,4
DA:1024,1
DA:1027,3
DA:1028,1
DA:1031,2
DA:1032,1
DA:1037,1
DA:1038,1
DA:1039,1
DA:1040,1
DA:1042,1
DA:1050,34
DA:1051,6
DA:1061,6
DA:1062,6
DA:1063,6
DA:1064,1
DA:1065,1
DA:1072,5
DA:1074,5
DA:1075,1
DA:1078,4
DA:1079,1
DA:1082,3
DA:1083,1
DA:1086,2
DA:1087,1
DA:1092,1
DA:1093,1
DA:1100,34
DA:1101,4
DA:1110,4
DA:1111,4
DA:1112,4
DA:1113,1
DA:1114,1
DA:1118,3
DA:1120,3
DA:1121,1
DA:1124,2
DA:1125,1
DA:1130,1
DA:1131,1
DA:1136,34
DA:1137,34
DA:1138,0
DA:1139,0
LF:392
LH:388
BRDA:47,0,0,16
BRDA:47,0,1,57
BRDA:54,1,0,1
BRDA:54,1,1,56
BRDA:54,2,0,57
BRDA:54,2,1,1
BRDA:68,3,0,10
BRDA:68,3,1,41
BRDA:75,4,0,3
BRDA:75,4,1,38
BRDA:102,5,0,1
BRDA:102,5,1,2
BRDA:110,6,0,1
BRDA:110,6,1,1
BRDA:110,7,0,2
BRDA:110,7,1,1
BRDA:137,8,0,1
BRDA:137,8,1,4
BRDA:145,9,0,1
BRDA:145,9,1,3
BRDA:149,10,0,1
BRDA:149,10,1,2
BRDA:153,11,0,1
BRDA:153,11,1,1
BRDA:178,12,0,3
BRDA:178,12,1,2
BRDA:188,13,0,1
BRDA:188,13,1,1
BRDA:213,14,0,1
BRDA:213,14,1,1
BRDA:243,15,0,3
BRDA:243,15,1,1
BRDA:275,16,0,5
BRDA:275,16,1,1
BRDA:296,17,0,1
BRDA:296,17,1,1
BRDA:309,18,0,1
BRDA:309,18,1,1
BRDA:321,19,0,1
BRDA:321,19,1,1
BRDA:334,20,0,1
BRDA:334,20,1,1
BRDA:357,21,0,1
BRDA:357,21,1,1
BRDA:382,22,0,1
BRDA:382,22,1,1
BRDA:417,23,0,1
BRDA:417,23,1,3
BRDA:425,24,0,1
BRDA:425,24,1,2
BRDA:431,25,0,1
BRDA:431,25,1,1
BRDA:471,26,0,1
BRDA:471,26,1,3
BRDA:479,27,0,2
BRDA:479,27,1,1
BRDA:479,28,0,3
BRDA:479,28,1,2
BRDA:505,29,0,3
BRDA:505,29,1,2
BRDA:515,30,0,1
BRDA:515,30,1,1
BRDA:542,31,0,1
BRDA:542,31,1,4
BRDA:550,32,0,1
BRDA:550,32,1,3
BRDA:554,33,0,1
BRDA:554,33,1,2
BRDA:558,34,0,1
BRDA:558,34,1,1
BRDA:582,35,0,1
BRDA:582,35,1,3
BRDA:590,36,0,1
BRDA:590,36,1,2
BRDA:594,37,0,1
BRDA:594,37,1,1
BRDA:608,38,0,1
BRDA:608,38,1,1
BRDA:632,39,0,1
BRDA:632,39,1,2
BRDA:640,40,0,1
BRDA:640,40,1,1
BRDA:655,41,0,1
BRDA:655,41,1,1
BRDA:670,42,0,1
BRDA:670,42,1,1
BRDA:709,43,0,1
BRDA:709,43,1,4
BRDA:716,44,0,1
BRDA:716,44,1,3
BRDA:720,45,0,1
BRDA:720,45,1,2
BRDA:724,46,0,1
BRDA:724,46,1,1
BRDA:739,47,0,1
BRDA:739,47,1,1
BRDA:762,48,0,1
BRDA:762,48,1,1
BRDA:795,49,0,1
BRDA:795,49,1,4
BRDA:802,50,0,1
BRDA:802,50,1,3
BRDA:806,51,0,1
BRDA:806,51,1,2
BRDA:810,52,0,1
BRDA:810,52,1,1
BRDA:836,53,0,1
BRDA:836,53,1,3
BRDA:843,54,0,1
BRDA:843,54,1,2
BRDA:847,55,0,1
BRDA:847,55,1,1
BRDA:873,56,0,1
BRDA:873,56,1,3
BRDA:880,57,0,1
BRDA:880,57,1,2
BRDA:884,58,0,1
BRDA:884,58,1,1
BRDA:901,59,0,1
BRDA:901,59,1,1
BRDA:909,60,0,0
BRDA:909,60,1,1
BRDA:913,61,0,0
BRDA:913,61,1,1
BRDA:950,62,0,1
BRDA:950,62,1,1
BRDA:958,63,0,1
BRDA:958,63,1,0
BRDA:962,64,0,1
BRDA:962,64,1,0
BRDA:1011,65,0,1
BRDA:1011,65,1,4
BRDA:1023,66,0,1
BRDA:1023,66,1,3
BRDA:1027,67,0,1
BRDA:1027,67,1,2
BRDA:1031,68,0,1
BRDA:1031,68,1,1
BRDA:1039,69,0,1
BRDA:1039,69,1,0
BRDA:1063,70,0,1
BRDA:1063,70,1,5
BRDA:1074,71,0,1
BRDA:1074,71,1,4
BRDA:1078,72,0,1
BRDA:1078,72,1,3
BRDA:1082,73,0,1
BRDA:1082,73,1,2
BRDA:1086,74,0,1
BRDA:1086,74,1,1
BRDA:1112,75,0,1
BRDA:1112,75,1,3
BRDA:1120,76,0,1
BRDA:1120,76,1,2
BRDA:1124,77,0,1
BRDA:1124,77,1,1
BRDA:1137,78,0,0
BRDA:1137,78,1,34
BRF:158
BRH:152
end_of_record
TN:
SF:src/models/assignment.ts
FN:5,createAssignment
FN:12,getUserAssignments
FN:21,getTherapistAssignments
FN:30,getAssignmentTitle
FN:39,getAssignmentText
FN:48,getAssignmentUserEmail
FN:57,getAssignmentTherapistEmail
FN:66,getAssignmentStatus
FN:75,checkAssignment
FN:84,setAssignmentSpeech
FN:92,getAssignmentSpeechId
FN:101,getAssignmentFeedback
FN:110,setAssignmentFeedback
FN:118,deleteAssignment
FNF:14
FNH:0
FNDA:0,createAssignment
FNDA:0,getUserAssignments
FNDA:0,getTherapistAssignments
FNDA:0,getAssignmentTitle
FNDA:0,getAssignmentText
FNDA:0,getAssignmentUserEmail
FNDA:0,getAssignmentTherapistEmail
FNDA:0,getAssignmentStatus
FNDA:0,checkAssignment
FNDA:0,setAssignmentSpeech
FNDA:0,getAssignmentSpeechId
FNDA:0,getAssignmentFeedback
FNDA:0,setAssignmentFeedback
FNDA:0,deleteAssignment
DA:6,0
DA:13,0
DA:18,0
DA:22,0
DA:27,0
DA:31,0
DA:36,0
DA:40,0
DA:45,0
DA:49,0
DA:54,0
DA:58,0
DA:63,0
DA:67,0
DA:72,0
DA:76,0
DA:81,0
DA:85,0
DA:93,0
DA:98,0
DA:102,0
DA:107,0
DA:111,0
DA:119,0
LF:24
LH:0
BRF:0
BRH:0
end_of_record
TN:
SF:src/models/bloodPressure.ts
FN:5,captureBp
FN:14,retrieveBp
FN:25,retrieveAllBp
FNF:3
FNH:0
FNDA:0,captureBp
FNDA:0,retrieveBp
FNDA:0,retrieveAllBp
DA:6,0
DA:7,0
DA:11,0
DA:15,0
DA:22,0
DA:26,0
DA:37,0
LF:7
LH:0
BRF:0
BRH:0
end_of_record
TN:
SF:src/models/heartRate.ts
FN:5,captureHr
FN:14,retrieveHr
FN:25,retrieveAllHr
FNF:3
FNH:0
FNDA:0,captureHr
FNDA:0,retrieveHr
FNDA:0,retrieveAllHr
DA:6,0
DA:7,0
DA:11,0
DA:15,0
DA:22,0
DA:26,0
DA:37,0
LF:7
LH:0
BRF:0
BRH:0
end_of_record
TN:
SF:src/models/invitation.ts
FN:3,createInvitation
FN:10,getUserInvitations
FN:19,getTherapistInvitations
FN:28,checkInvitation
FN:37,deleteInvitation
FNF:5
FNH:0
FNDA:0,createInvitation
FNDA:0,getUserInvitations
FNDA:0,getTherapistInvitations
FNDA:0,checkInvitation
FNDA:0,deleteInvitation
DA:4,0
DA:11,0
DA:16,0
DA:20,0
DA:25,0
DA:29,0
DA:34,0
DA:38,0
LF:8
LH:0
BRF:0
BRH:0
end_of_record
TN:
SF:src/models/speechRate.ts
FN:5,captureSpeech
FN:14,retrieveSpeech
FN:25,retrieveSpeechById
FN:34,retrieveAllSpeech
FNF:4
FNH:0
FNDA:0,captureSpeech
FNDA:0,retrieveSpeech
FNDA:0,retrieveSpeechById
FNDA:0,retrieveAllSpeech
DA:6,0
DA:7,0
DA:11,0
DA:15,0
DA:22,0
DA:26,0
DA:31,0
DA:35,0
DA:46,0
LF:9
LH:0
BRF:0
BRH:0
end_of_record
TN:
SF:src/models/therapist.ts
FN:7,hash
FN:11,createTherapist
FN:18,loginTherapist
FN:28,checkTherapistExists
FN:38,changeTherapistPassword
FN:46,getTherapistName
FNF:6
FNH:2
FNDA:3,hash
FNDA:0,createTherapist
FNDA:3,loginTherapist
FNDA:0,checkTherapistExists
FNDA:0,changeTherapistPassword
FNDA:0,getTherapistName
DA:8,3
DA:12,0
DA:19,3
DA:25,3
DA:29,0
DA:35,0
DA:39,0
DA:47,0
DA:53,0
LF:9
LH:3
BRF:0
BRH:0
end_of_record
TN:
SF:src/models/user.ts
FN:7,hash
FN:11,createUser
FN:18,loginUser
FN:28,checkUserExists
FN:38,changeUserPassword
FN:46,getUserName
FN:56,addTherapist
FN:64,removeTherapist
FN:72,getUserTherapistEmail
FN:82,getTherapistUsers
FNF:10
FNH:2
FNDA:3,hash
FNDA:0,createUser
FNDA:3,loginUser
FNDA:0,checkUserExists
FNDA:0,changeUserPassword
FNDA:0,getUserName
FNDA:0,addTherapist
FNDA:0,removeTherapist
FNDA:0,getUserTherapistEmail
FNDA:0,getTherapistUsers
DA:8,3
DA:12,0
DA:19,3
DA:25,3
DA:29,0
DA:35,0
DA:39,0
DA:47,0
DA:53,0
DA:57,0
DA:65,0
DA:73,0
DA:79,0
DA:83,0
DA:88,0
LF:15
LH:3
BRF:0
BRH:0
end_of_record
